Using pre-set license
Built from '2020.3/release' branch; Version is '2020.3.7f1 (dd97f2c94397) revision 14522354'; Using compiler version '192528614'; Build Type 'Release'
OS: 'Windows 10 Home; OS build 19043.1348; Version 2009; 64bit' Language: 'en' Physical Memory: 8007 MB
BatchMode: 1, IsHumanControllingUs: 0, StartBugReporterOnCrash: 0, Is64bit: 1, IsPro: 0

 COMMAND LINE ARGUMENTS:
C:\Program Files\Unity\Hub\Editor\2020.3.7f1\Editor\Unity.exe
-adb2
-batchMode
-noUpm
-name
AssetImportWorker0
-projectPath
C:/Users/Gary/Documents/GitHub/Programming-Theory-Repo/ProgrammingTheoryProject
-logFile
Logs/AssetImportWorker0.log
-srvPort
55379
Successfully changed project path to: C:/Users/Gary/Documents/GitHub/Programming-Theory-Repo/ProgrammingTheoryProject
C:/Users/Gary/Documents/GitHub/Programming-Theory-Repo/ProgrammingTheoryProject
Using Asset Import Pipeline V2.
Refreshing native plugins compatible for Editor in 77.61 ms, found 1 plugins.
Preloading 0 native plugins for Editor in 0.00 ms.
Initialize engine version: 2020.3.7f1 (dd97f2c94397)
[Subsystems] Discovering subsystems at path C:/Program Files/Unity/Hub/Editor/2020.3.7f1/Editor/Data/Resources/UnitySubsystems
[Subsystems] Discovering subsystems at path C:/Users/Gary/Documents/GitHub/Programming-Theory-Repo/ProgrammingTheoryProject/Assets
GfxDevice: creating device client; threaded=0
Direct3D:
    Version:  Direct3D 11.0 [level 11.1]
    Renderer: Intel(R) HD Graphics 620 (ID=0x5916)
    Vendor:   
    VRAM:     4003 MB
    Driver:   22.20.16.4836
Initialize mono
Mono path[0] = 'C:/Program Files/Unity/Hub/Editor/2020.3.7f1/Editor/Data/Managed'
Mono path[1] = 'C:/Program Files/Unity/Hub/Editor/2020.3.7f1/Editor/Data/MonoBleedingEdge/lib/mono/unityjit'
Mono config path = 'C:/Program Files/Unity/Hub/Editor/2020.3.7f1/Editor/Data/MonoBleedingEdge/etc'
Using monoOptions --debugger-agent=transport=dt_socket,embedding=1,server=y,suspend=n,address=127.0.0.1:56968
Begin MonoManager ReloadAssembly
Registering precompiled unity dll's ...
Register platform support module: C:/Program Files/Unity/Hub/Editor/2020.3.7f1/Editor/Data/PlaybackEngines/WindowsStandaloneSupport/UnityEditor.WindowsStandalone.Extensions.dll
Registered in 0.004409 seconds.
Native extension for WindowsStandalone target not found
Refreshing native plugins compatible for Editor in 93.39 ms, found 1 plugins.
Preloading 0 native plugins for Editor in 0.00 ms.
Mono: successfully reloaded assembly
- Completed reload, in  2.757 seconds
Platform modules already initialized, skipping
Registering precompiled user dll's ...
Registered in 0.002647 seconds.
Begin MonoManager ReloadAssembly
Native extension for WindowsStandalone target not found
Refreshing native plugins compatible for Editor in 110.71 ms, found 1 plugins.
Preloading 0 native plugins for Editor in 0.00 ms.
Mono: successfully reloaded assembly
- Completed reload, in  3.189 seconds
Platform modules already initialized, skipping
========================================================================
Worker process is ready to serve import requests
Launched and connected shader compiler UnityShaderCompiler.exe after 0.09 seconds
Refreshing native plugins compatible for Editor in 1.08 ms, found 1 plugins.
Preloading 0 native plugins for Editor in 0.00 ms.
Unloading 1820 Unused Serialized files (Serialized files now loaded: 0)
System memory in use before: 86.1 MB.
System memory in use after: 86.1 MB.

Unloading 24 unused Assets to reduce memory usage. Loaded Objects now: 2264.
Total: 5.891600 ms (FindLiveObjects: 0.375700 ms CreateObjectMapping: 0.137100 ms MarkObjects: 5.100700 ms  DeleteObjects: 0.275400 ms)

========================================================================
Received Import Request.
  path: Assets/Gothicvania Cemetery Artwork/Sprites/skeleton-rise-clothed/skeleton-rise-clothed-5.png
  artifactKey: Guid(6d4734b50e97f44faac533f157541747) Importer(815301076,1909f56bfc062723c751e8b465ee728b)
Start importing Assets/Gothicvania Cemetery Artwork/Sprites/skeleton-rise-clothed/skeleton-rise-clothed-5.png using Guid(6d4734b50e97f44faac533f157541747) Importer(815301076,1909f56bfc062723c751e8b465ee728b)  -> (artifact id: '73ae7f83df995094155d66698acb4d9f') in 0.381386 seconds
  Import took 0.389369 seconds .

========================================================================
Received Import Request.
  Time since last request: 0.000487 seconds.
  path: Assets/Gothicvania Cemetery Artwork/Sprites/skeleton-rise-clothed/skeleton-rise-clothed-1.png
  artifactKey: Guid(6cb7136c0ba4d493bbb512266a2e5b51) Importer(815301076,1909f56bfc062723c751e8b465ee728b)
Start importing Assets/Gothicvania Cemetery Artwork/Sprites/skeleton-rise-clothed/skeleton-rise-clothed-1.png using Guid(6cb7136c0ba4d493bbb512266a2e5b51) Importer(815301076,1909f56bfc062723c751e8b465ee728b)  -> (artifact id: 'd42008b24b426d4769faa5a1101f6f83') in 0.036985 seconds
  Import took 0.044409 seconds .

========================================================================
Received Import Request.
  Time since last request: 0.000437 seconds.
  path: Assets/Gothicvania Cemetery Artwork/Sprites/skeleton-rise-clothed
  artifactKey: Guid(4a95a0ea901a346ff8f083e0699c0a2e) Importer(815301076,1909f56bfc062723c751e8b465ee728b)
Start importing Assets/Gothicvania Cemetery Artwork/Sprites/skeleton-rise-clothed using Guid(4a95a0ea901a346ff8f083e0699c0a2e) Importer(815301076,1909f56bfc062723c751e8b465ee728b)  -> (artifact id: '01ae9eedcf63698b9a21cacccc88e642') in 0.014502 seconds
  Import took 0.023817 seconds .

========================================================================
Received Import Request.
  Time since last request: 0.000338 seconds.
  path: Assets/Gothicvania Cemetery Artwork/Sprites/skeleton-rise-clothed/skeleton-rise-clothed-6.png
  artifactKey: Guid(ca87ac09c54d344189c647616db15797) Importer(815301076,1909f56bfc062723c751e8b465ee728b)
Start importing Assets/Gothicvania Cemetery Artwork/Sprites/skeleton-rise-clothed/skeleton-rise-clothed-6.png using Guid(ca87ac09c54d344189c647616db15797) Importer(815301076,1909f56bfc062723c751e8b465ee728b)  -> (artifact id: '2d3a9adabed6324499e1519e06a4799c') in 0.034198 seconds
  Import took 0.042793 seconds .

========================================================================
Received Import Request.
  Time since last request: 0.000458 seconds.
  path: Assets/Gothicvania Cemetery Artwork/Sprites/skeleton-rise-clothed/skeleton-rise-clothed-2.png
  artifactKey: Guid(9eaaf68ff0eb54a8ab06f31875a178f6) Importer(815301076,1909f56bfc062723c751e8b465ee728b)
Start importing Assets/Gothicvania Cemetery Artwork/Sprites/skeleton-rise-clothed/skeleton-rise-clothed-2.png using Guid(9eaaf68ff0eb54a8ab06f31875a178f6) Importer(815301076,1909f56bfc062723c751e8b465ee728b)  -> (artifact id: 'c41f098e78082e5aa45bfb43a4361185') in 0.053214 seconds
  Import took 0.061116 seconds .

========================================================================
Received Import Request.
  Time since last request: 0.000345 seconds.
  path: Assets/Gothicvania Cemetery Artwork/Sprites/skeleton-rise-clothed/skeleton-rise-clothed-3.png
  artifactKey: Guid(15e89fc30d0344bd08e0f0150acc0784) Importer(815301076,1909f56bfc062723c751e8b465ee728b)
Start importing Assets/Gothicvania Cemetery Artwork/Sprites/skeleton-rise-clothed/skeleton-rise-clothed-3.png using Guid(15e89fc30d0344bd08e0f0150acc0784) Importer(815301076,1909f56bfc062723c751e8b465ee728b)  -> (artifact id: '752de210e55045ecf76957f663964a1a') in 0.030927 seconds
  Import took 0.039200 seconds .

========================================================================
Received Import Request.
  Time since last request: 0.000530 seconds.
  path: Assets/Gothicvania Cemetery Artwork/Sprites/skeleton-rise-clothed/skeleton-rise-clothed-4.png
  artifactKey: Guid(ed345a60cd6d0486aa82504a9709b681) Importer(815301076,1909f56bfc062723c751e8b465ee728b)
Start importing Assets/Gothicvania Cemetery Artwork/Sprites/skeleton-rise-clothed/skeleton-rise-clothed-4.png using Guid(ed345a60cd6d0486aa82504a9709b681) Importer(815301076,1909f56bfc062723c751e8b465ee728b)  -> (artifact id: '3eea517245883001b10e09e3b6083f6a') in 0.032536 seconds
  Import took 0.038601 seconds .

========================================================================
Received Import Request.
  Time since last request: 76.464752 seconds.
  path: Assets/Animations/Enemies
  artifactKey: Guid(09cec2be141412940bb5ed4657b75b73) Importer(815301076,1909f56bfc062723c751e8b465ee728b)
Start importing Assets/Animations/Enemies using Guid(09cec2be141412940bb5ed4657b75b73) Importer(815301076,1909f56bfc062723c751e8b465ee728b)  -> (artifact id: '3f8897b059bce14672c0e785d8576e36') in 0.031288 seconds
  Import took 0.042635 seconds .

========================================================================
Received Import Request.
  Time since last request: 1.503171 seconds.
  path: Assets/Animations/Enemies/skeleton-rise-clothed-1.controller
  artifactKey: Guid(9eecc14da348a274e8acabf4467b8a2e) Importer(815301076,1909f56bfc062723c751e8b465ee728b)
Start importing Assets/Animations/Enemies/skeleton-rise-clothed-1.controller using Guid(9eecc14da348a274e8acabf4467b8a2e) Importer(815301076,1909f56bfc062723c751e8b465ee728b)  -> (artifact id: '9529b606bd6cdb27919bc09b46765cf6') in 0.034372 seconds
  Import took 0.041640 seconds .

========================================================================
Received Import Request.
  Time since last request: 6.247854 seconds.
  path: Assets/Animations/Enemies/SkeletonClothed.controller
  artifactKey: Guid(9eecc14da348a274e8acabf4467b8a2e) Importer(815301076,1909f56bfc062723c751e8b465ee728b)
Start importing Assets/Animations/Enemies/SkeletonClothed.controller using Guid(9eecc14da348a274e8acabf4467b8a2e) Importer(815301076,1909f56bfc062723c751e8b465ee728b)  -> (artifact id: '7cd42037526042468e80a66dec3ca56f') in 0.039382 seconds
  Import took 0.046047 seconds .

========================================================================
Received Import Request.
  Time since last request: 40.217390 seconds.
  path: Assets/Gothicvania Cemetery Artwork/Sprites/skeleton-clothed/skeleton-clothed-1.png
  artifactKey: Guid(70503d71a0abb4818823e52b03def6e7) Importer(815301076,1909f56bfc062723c751e8b465ee728b)
Start importing Assets/Gothicvania Cemetery Artwork/Sprites/skeleton-clothed/skeleton-clothed-1.png using Guid(70503d71a0abb4818823e52b03def6e7) Importer(815301076,1909f56bfc062723c751e8b465ee728b)  -> (artifact id: '85585c0c8426e8b6fb2eef45031f1abe') in 0.057832 seconds
  Import took 0.075540 seconds .

========================================================================
Received Import Request.
  Time since last request: 0.000536 seconds.
  path: Assets/Gothicvania Cemetery Artwork/Sprites/skeleton-clothed/skeleton-clothed-2.png
  artifactKey: Guid(f143b7e32458a4ac3b29c519ff920e70) Importer(815301076,1909f56bfc062723c751e8b465ee728b)
Start importing Assets/Gothicvania Cemetery Artwork/Sprites/skeleton-clothed/skeleton-clothed-2.png using Guid(f143b7e32458a4ac3b29c519ff920e70) Importer(815301076,1909f56bfc062723c751e8b465ee728b)  -> (artifact id: 'cde7694df870671ef7c45383111d65b7') in 0.046322 seconds
  Import took 0.053797 seconds .

========================================================================
Received Import Request.
  Time since last request: 0.000251 seconds.
  path: Assets/Gothicvania Cemetery Artwork/Sprites/skeleton-clothed/skeleton-clothed-4.png
  artifactKey: Guid(c7d83ea6e359a4ee9943372cba4542d0) Importer(815301076,1909f56bfc062723c751e8b465ee728b)
Start importing Assets/Gothicvania Cemetery Artwork/Sprites/skeleton-clothed/skeleton-clothed-4.png using Guid(c7d83ea6e359a4ee9943372cba4542d0) Importer(815301076,1909f56bfc062723c751e8b465ee728b)  -> (artifact id: 'a56422b03d75aac8c312f8a64b0d0309') in 0.046583 seconds
  Import took 0.054482 seconds .

========================================================================
Received Import Request.
  Time since last request: 0.000278 seconds.
  path: Assets/Gothicvania Cemetery Artwork/Sprites/skeleton-clothed/skeleton-clothed-6.png
  artifactKey: Guid(10600c70f060b46808cda88dd6de6104) Importer(815301076,1909f56bfc062723c751e8b465ee728b)
Start importing Assets/Gothicvania Cemetery Artwork/Sprites/skeleton-clothed/skeleton-clothed-6.png using Guid(10600c70f060b46808cda88dd6de6104) Importer(815301076,1909f56bfc062723c751e8b465ee728b)  -> (artifact id: 'c3d82b7ee0e69518285b9e1fcb6160a5') in 0.042409 seconds
  Import took 0.050445 seconds .

========================================================================
Received Import Request.
  Time since last request: 0.000405 seconds.
  path: Assets/Gothicvania Cemetery Artwork/Sprites/skeleton-clothed/skeleton-clothed-5.png
  artifactKey: Guid(aabc1c19f969648f1b7f276f8fbe99c8) Importer(815301076,1909f56bfc062723c751e8b465ee728b)
Start importing Assets/Gothicvania Cemetery Artwork/Sprites/skeleton-clothed/skeleton-clothed-5.png using Guid(aabc1c19f969648f1b7f276f8fbe99c8) Importer(815301076,1909f56bfc062723c751e8b465ee728b)  -> (artifact id: '3e7bd48f5f605003f961f6e8eaeac770') in 0.040023 seconds
  Import took 0.044540 seconds .

========================================================================
Received Import Request.
  Time since last request: 0.000315 seconds.
  path: Assets/Gothicvania Cemetery Artwork/Sprites/skeleton-clothed/skeleton-clothed-8.png
  artifactKey: Guid(ca4274691df674ee4a7c71fcc3d229d1) Importer(815301076,1909f56bfc062723c751e8b465ee728b)
Start importing Assets/Gothicvania Cemetery Artwork/Sprites/skeleton-clothed/skeleton-clothed-8.png using Guid(ca4274691df674ee4a7c71fcc3d229d1) Importer(815301076,1909f56bfc062723c751e8b465ee728b)  -> (artifact id: '531fdc4f299c1fa8065bcbfbe1a11e47') in 0.036494 seconds
  Import took 0.042560 seconds .

========================================================================
Received Import Request.
  Time since last request: 0.000284 seconds.
  path: Assets/Gothicvania Cemetery Artwork/Sprites/skeleton-clothed/skeleton-clothed-7.png
  artifactKey: Guid(a56bbfeb88ec440b5bc29a32f5368038) Importer(815301076,1909f56bfc062723c751e8b465ee728b)
Start importing Assets/Gothicvania Cemetery Artwork/Sprites/skeleton-clothed/skeleton-clothed-7.png using Guid(a56bbfeb88ec440b5bc29a32f5368038) Importer(815301076,1909f56bfc062723c751e8b465ee728b)  -> (artifact id: 'cb6f169fb134a9bbec780f3b1052f751') in 0.033895 seconds
  Import took 0.038960 seconds .

========================================================================
Received Import Request.
  Time since last request: 0.000327 seconds.
  path: Assets/Gothicvania Cemetery Artwork/Sprites/skeleton-clothed/skeleton-clothed-3.png
  artifactKey: Guid(9fb83bc13a73444cd84409f9632bf64b) Importer(815301076,1909f56bfc062723c751e8b465ee728b)
Start importing Assets/Gothicvania Cemetery Artwork/Sprites/skeleton-clothed/skeleton-clothed-3.png using Guid(9fb83bc13a73444cd84409f9632bf64b) Importer(815301076,1909f56bfc062723c751e8b465ee728b)  -> (artifact id: 'e6c12c7d2650c2ba90ade13b552de117') in 0.033793 seconds
  Import took 0.040159 seconds .

========================================================================
Received Import Request.
  Time since last request: 49.166417 seconds.
  path: Assets/Animations/Enemies/SkeletonClothedWalk.anim
  artifactKey: Guid(bf586166373678e45b320877173adc77) Importer(815301076,1909f56bfc062723c751e8b465ee728b)
Start importing Assets/Animations/Enemies/SkeletonClothedWalk.anim using Guid(bf586166373678e45b320877173adc77) Importer(815301076,1909f56bfc062723c751e8b465ee728b)  -> (artifact id: '6c4282432f5345d67aca0f282ed98389') in 0.029618 seconds
  Import took 0.039994 seconds .

========================================================================
Received Import Request.
  Time since last request: 1.636732 seconds.
  path: Assets/Animations/Enemies/SkeletonClothedRise.anim
  artifactKey: Guid(d3d1e5ef4eb15e844aa61ea41352128d) Importer(815301076,1909f56bfc062723c751e8b465ee728b)
Start importing Assets/Animations/Enemies/SkeletonClothedRise.anim using Guid(d3d1e5ef4eb15e844aa61ea41352128d) Importer(815301076,1909f56bfc062723c751e8b465ee728b)  -> (artifact id: '19ca52d4f522d0dbba513308409d209c') in 0.017955 seconds
  Import took 0.024503 seconds .

========================================================================
Received Import Request.
  Time since last request: 3.807472 seconds.
  path: Assets/Animations/Enemies/Skeleton
  artifactKey: Guid(cb005869de2e2a142a59c7b11db23a7f) Importer(815301076,1909f56bfc062723c751e8b465ee728b)
Start importing Assets/Animations/Enemies/Skeleton using Guid(cb005869de2e2a142a59c7b11db23a7f) Importer(815301076,1909f56bfc062723c751e8b465ee728b)  -> (artifact id: '82fde927680322b1377730f552053824') in 0.018763 seconds
  Import took 0.026509 seconds .

========================================================================
Received Import Request.
  Time since last request: 24.672880 seconds.
  path: Assets/Animations/Enemies/Ghost
  artifactKey: Guid(4edeb21f9eb4d88419585d78e859baa4) Importer(815301076,1909f56bfc062723c751e8b465ee728b)
Start importing Assets/Animations/Enemies/Ghost using Guid(4edeb21f9eb4d88419585d78e859baa4) Importer(815301076,1909f56bfc062723c751e8b465ee728b)  -> (artifact id: '0fd86304ee0bf565728bb30fbf44b850') in 0.024051 seconds
  Import took 0.068482 seconds .

========================================================================
Received Import Request.
  Time since last request: 16.155877 seconds.
  path: Assets/Animations/Enemies/GhostHalo
  artifactKey: Guid(6a696dcf33d2dab42b22f058a703be5c) Importer(815301076,1909f56bfc062723c751e8b465ee728b)
Start importing Assets/Animations/Enemies/GhostHalo using Guid(6a696dcf33d2dab42b22f058a703be5c) Importer(815301076,1909f56bfc062723c751e8b465ee728b)  -> (artifact id: '6f35fd7d57860980d052a9bba8994741') in 0.012611 seconds
  Import took 0.019175 seconds .

========================================================================
Received Import Request.
  Time since last request: 0.208770 seconds.
  path: Assets/Animations/Enemies/GhostHalo
  artifactKey: Guid(6a696dcf33d2dab42b22f058a703be5c) Importer(815301076,1909f56bfc062723c751e8b465ee728b)
Start importing Assets/Animations/Enemies/GhostHalo using Guid(6a696dcf33d2dab42b22f058a703be5c) Importer(815301076,1909f56bfc062723c751e8b465ee728b)  -> (artifact id: '6f35fd7d57860980d052a9bba8994741') in 0.005571 seconds
  Import took 0.012316 seconds .

========================================================================
Received Import Request.
  Time since last request: 2.211340 seconds.
  path: Assets/Animations/Enemies/Hellgato
  artifactKey: Guid(a0f99a6e3ca303d4fa6d8e76e4546fb2) Importer(815301076,1909f56bfc062723c751e8b465ee728b)
Start importing Assets/Animations/Enemies/Hellgato using Guid(a0f99a6e3ca303d4fa6d8e76e4546fb2) Importer(815301076,1909f56bfc062723c751e8b465ee728b)  -> (artifact id: '5f249134209cd110552a5bd293b5fa41') in 0.389522 seconds
  Import took 0.397132 seconds .

========================================================================
Received Import Request.
  Time since last request: 9.361611 seconds.
  path: Assets/Animations/Enemies/SkeletonClothed
  artifactKey: Guid(66fe5d279f1ed5244b7e9804625e20f7) Importer(815301076,1909f56bfc062723c751e8b465ee728b)
Start importing Assets/Animations/Enemies/SkeletonClothed using Guid(66fe5d279f1ed5244b7e9804625e20f7) Importer(815301076,1909f56bfc062723c751e8b465ee728b)  -> (artifact id: '9c1739121cc45f0e9f53245c0e06f233') in 0.007854 seconds
  Import took 0.017067 seconds .

========================================================================
Received Import Request.
  Time since last request: 3.965125 seconds.
  path: Assets/Animations/Enemies/SkeletonClothed/SkeletonClothedWalk.anim
  artifactKey: Guid(bf586166373678e45b320877173adc77) Importer(815301076,1909f56bfc062723c751e8b465ee728b)
Start importing Assets/Animations/Enemies/SkeletonClothed/SkeletonClothedWalk.anim using Guid(bf586166373678e45b320877173adc77) Importer(815301076,1909f56bfc062723c751e8b465ee728b)  -> (artifact id: '8e1806012be5caebe312f0839a70c47c') in 0.009962 seconds
  Import took 0.020816 seconds .

========================================================================
Received Import Request.
  Time since last request: 32.730806 seconds.
  path: Assets/Animation Controllers/Enemies/Skeleton.controller
  artifactKey: Guid(118a0471b448f304992d3ad67df9d8ed) Importer(815301076,1909f56bfc062723c751e8b465ee728b)
Start importing Assets/Animation Controllers/Enemies/Skeleton.controller using Guid(118a0471b448f304992d3ad67df9d8ed) Importer(815301076,1909f56bfc062723c751e8b465ee728b)  -> (artifact id: 'c31c2282f482bcfa5fc8baa290504610') in 0.049025 seconds
  Import took 0.055012 seconds .

========================================================================
Received Import Request.
  Time since last request: 83.259049 seconds.
  path: Assets/Gothicvania Cemetery Artwork/Sprites/skeleton-rise/skeleton-rise-5.png
  artifactKey: Guid(58eadfbeb77c7494882ea3bab149081c) Importer(815301076,1909f56bfc062723c751e8b465ee728b)
Start importing Assets/Gothicvania Cemetery Artwork/Sprites/skeleton-rise/skeleton-rise-5.png using Guid(58eadfbeb77c7494882ea3bab149081c) Importer(815301076,1909f56bfc062723c751e8b465ee728b)  -> (artifact id: '1bff8a3efe739a876fab43fce0894358') in 0.043758 seconds
  Import took 0.056784 seconds .

========================================================================
Received Import Request.
  Time since last request: 0.000259 seconds.
  path: Assets/Gothicvania-Town/Art/Environment/sliced-tileset/slope.png
  artifactKey: Guid(c043f24078d794ba4a8c62481c41f102) Importer(815301076,1909f56bfc062723c751e8b465ee728b)
Start importing Assets/Gothicvania-Town/Art/Environment/sliced-tileset/slope.png using Guid(c043f24078d794ba4a8c62481c41f102) Importer(815301076,1909f56bfc062723c751e8b465ee728b)  -> (artifact id: 'b6414e2242a871a2f4a7709c042af6bc') in 0.033254 seconds
  Import took 0.038267 seconds .

========================================================================
Received Import Request.
  Time since last request: 0.000390 seconds.
  path: Assets/Gothicvania Cemetery Artwork/Sprites/skeleton-rise/skeleton-rise-6.png
  artifactKey: Guid(4bd0e5e12ce7c4688b44071df7db9a12) Importer(815301076,1909f56bfc062723c751e8b465ee728b)
Start importing Assets/Gothicvania Cemetery Artwork/Sprites/skeleton-rise/skeleton-rise-6.png using Guid(4bd0e5e12ce7c4688b44071df7db9a12) Importer(815301076,1909f56bfc062723c751e8b465ee728b)  -> (artifact id: '3c042d6873ea3291ad252072fa19d888') in 0.031095 seconds
  Import took 0.038566 seconds .

========================================================================
Received Import Request.
  Time since last request: 2.277526 seconds.
  path: Assets/Gothicvania-Town/Art/Environment/sliced-tileset/stairs.png
  artifactKey: Guid(0c95c58df137b491cb57ba2b40550c49) Importer(815301076,1909f56bfc062723c751e8b465ee728b)
Start importing Assets/Gothicvania-Town/Art/Environment/sliced-tileset/stairs.png using Guid(0c95c58df137b491cb57ba2b40550c49) Importer(815301076,1909f56bfc062723c751e8b465ee728b)  -> (artifact id: '039de0d807db3345cb8c8e314e00a244') in 0.026458 seconds
  Import took 0.031515 seconds .

========================================================================
Received Import Request.
  Time since last request: 0.000306 seconds.
  path: Assets/Gothicvania-Town/Art/Environment/sliced-tileset/stairs-left.png
  artifactKey: Guid(9b3f5e3b1c9ca42abbd9656c79a457c1) Importer(815301076,1909f56bfc062723c751e8b465ee728b)
Start importing Assets/Gothicvania-Town/Art/Environment/sliced-tileset/stairs-left.png using Guid(9b3f5e3b1c9ca42abbd9656c79a457c1) Importer(815301076,1909f56bfc062723c751e8b465ee728b)  -> (artifact id: '23e11f9e1578387e1700293329b664b3') in 0.030427 seconds
  Import took 0.035978 seconds .

========================================================================
Received Import Request.
  Time since last request: 27.987287 seconds.
  path: Assets/Gothicvania Cemetery Artwork/Sprites/skeleton-rise/skeleton-rise-3.png
  artifactKey: Guid(2a93de60bc0ba4f51b49736acd956d84) Importer(815301076,1909f56bfc062723c751e8b465ee728b)
Start importing Assets/Gothicvania Cemetery Artwork/Sprites/skeleton-rise/skeleton-rise-3.png using Guid(2a93de60bc0ba4f51b49736acd956d84) Importer(815301076,1909f56bfc062723c751e8b465ee728b)  -> (artifact id: '2bf17ac4973f7d6eeb6dce34e59780fb') in 0.035514 seconds
  Import took 0.041837 seconds .

========================================================================
Received Import Request.
  Time since last request: 0.000380 seconds.
  path: Assets/Gothicvania Cemetery Artwork/Sprites/skeleton-rise/skeleton-rise-4.png
  artifactKey: Guid(879f6d207d2e141bb8cf1f983eeca737) Importer(815301076,1909f56bfc062723c751e8b465ee728b)
Start importing Assets/Gothicvania Cemetery Artwork/Sprites/skeleton-rise/skeleton-rise-4.png using Guid(879f6d207d2e141bb8cf1f983eeca737) Importer(815301076,1909f56bfc062723c751e8b465ee728b)  -> (artifact id: '9f3ae45bdf6fc52d85a36fd370119b05') in 0.041638 seconds
  Import took 0.049527 seconds .

========================================================================
Received Import Request.
  Time since last request: 0.000676 seconds.
  path: Assets/Gothicvania Cemetery Artwork/Sprites/skeleton-rise/skeleton-rise-3.png
  artifactKey: Guid(2a93de60bc0ba4f51b49736acd956d84) Importer(815301076,1909f56bfc062723c751e8b465ee728b)
Start importing Assets/Gothicvania Cemetery Artwork/Sprites/skeleton-rise/skeleton-rise-3.png using Guid(2a93de60bc0ba4f51b49736acd956d84) Importer(815301076,1909f56bfc062723c751e8b465ee728b)  -> (artifact id: '2bf17ac4973f7d6eeb6dce34e59780fb') in 0.017145 seconds
  Import took 0.027155 seconds .

========================================================================
Received Import Request.
  Time since last request: 0.000455 seconds.
  path: Assets/Gothicvania Cemetery Artwork/Sprites/skeleton-rise/skeleton-rise-4.png
  artifactKey: Guid(879f6d207d2e141bb8cf1f983eeca737) Importer(815301076,1909f56bfc062723c751e8b465ee728b)
Start importing Assets/Gothicvania Cemetery Artwork/Sprites/skeleton-rise/skeleton-rise-4.png using Guid(879f6d207d2e141bb8cf1f983eeca737) Importer(815301076,1909f56bfc062723c751e8b465ee728b)  -> (artifact id: '9f3ae45bdf6fc52d85a36fd370119b05') in 0.030391 seconds
  Import took 0.037449 seconds .

========================================================================
Received Import Request.
  Time since last request: 37.543175 seconds.
  path: Assets/Animation Controllers/Enemies/SkeletonClothed.controller
  artifactKey: Guid(9eecc14da348a274e8acabf4467b8a2e) Importer(815301076,1909f56bfc062723c751e8b465ee728b)
Start importing Assets/Animation Controllers/Enemies/SkeletonClothed.controller using Guid(9eecc14da348a274e8acabf4467b8a2e) Importer(815301076,1909f56bfc062723c751e8b465ee728b)  -> (artifact id: 'f95602f3618e293392ad68d5ac08ba24') in 0.015290 seconds
  Import took 0.025013 seconds .

========================================================================
Received Prepare
Registering precompiled user dll's ...
Registered in 0.002276 seconds.
Begin MonoManager ReloadAssembly
Native extension for WindowsStandalone target not found
Refreshing native plugins compatible for Editor in 1.09 ms, found 1 plugins.
Preloading 0 native plugins for Editor in 0.00 ms.
Mono: successfully reloaded assembly
- Completed reload, in  2.370 seconds
Platform modules already initialized, skipping
Refreshing native plugins compatible for Editor in 0.89 ms, found 1 plugins.
Preloading 0 native plugins for Editor in 0.00 ms.
Unloading 1815 Unused Serialized files (Serialized files now loaded: 0)
System memory in use before: 89.2 MB.
System memory in use after: 89.2 MB.

Unloading 12 unused Assets to reduce memory usage. Loaded Objects now: 2276.
Total: 5.364100 ms (FindLiveObjects: 0.452400 ms CreateObjectMapping: 0.181200 ms MarkObjects: 4.557000 ms  DeleteObjects: 0.170200 ms)

========================================================================
Received Import Request.
  Time since last request: 43.084266 seconds.
  path: Assets/Scripts/Skeleton.cs
  artifactKey: Guid(5e4a8cdf0b85c5741b22b3ed1657ba94) Importer(815301076,1909f56bfc062723c751e8b465ee728b)
Start importing Assets/Scripts/Skeleton.cs using Guid(5e4a8cdf0b85c5741b22b3ed1657ba94) Importer(815301076,1909f56bfc062723c751e8b465ee728b)  -> (artifact id: 'd479c703e0cfda57f822fcd3d1ff8336') in 0.029487 seconds
  Import took 0.034949 seconds .

========================================================================
Received Import Request.
  Time since last request: 0.018391 seconds.
  path: Assets/Scripts/Skeleton.cs
  artifactKey: Guid(5e4a8cdf0b85c5741b22b3ed1657ba94) Importer(815301076,1909f56bfc062723c751e8b465ee728b)
Start importing Assets/Scripts/Skeleton.cs using Guid(5e4a8cdf0b85c5741b22b3ed1657ba94) Importer(815301076,1909f56bfc062723c751e8b465ee728b)  -> (artifact id: 'd479c703e0cfda57f822fcd3d1ff8336') in 0.006825 seconds
  Import took 0.013982 seconds .

========================================================================
Received Prepare
Registering precompiled user dll's ...
Registered in 0.001977 seconds.
Begin MonoManager ReloadAssembly
Native extension for WindowsStandalone target not found
Refreshing native plugins compatible for Editor in 0.54 ms, found 1 plugins.
Preloading 0 native plugins for Editor in 0.00 ms.
Mono: successfully reloaded assembly
- Completed reload, in  1.871 seconds
Platform modules already initialized, skipping
Refreshing native plugins compatible for Editor in 0.93 ms, found 1 plugins.
Preloading 0 native plugins for Editor in 0.00 ms.
Unloading 1815 Unused Serialized files (Serialized files now loaded: 0)
System memory in use before: 89.2 MB.
System memory in use after: 89.2 MB.

Unloading 12 unused Assets to reduce memory usage. Loaded Objects now: 2280.
Total: 3.827700 ms (FindLiveObjects: 0.377600 ms CreateObjectMapping: 0.139500 ms MarkObjects: 3.099600 ms  DeleteObjects: 0.208400 ms)

========================================================================
Received Import Request.
  Time since last request: 221.376151 seconds.
  path: Assets/Animations/Enemies/SkeletonClothed/SkeletonClothedRise.anim
  artifactKey: Guid(d3d1e5ef4eb15e844aa61ea41352128d) Importer(815301076,1909f56bfc062723c751e8b465ee728b)
Start importing Assets/Animations/Enemies/SkeletonClothed/SkeletonClothedRise.anim using Guid(d3d1e5ef4eb15e844aa61ea41352128d) Importer(815301076,1909f56bfc062723c751e8b465ee728b)  -> (artifact id: 'def9b57e58abef856e9514c20b99db38') in 0.037432 seconds
  Import took 0.082057 seconds .

========================================================================
Received Import Request.
  Time since last request: 8.069036 seconds.
  path: Assets/Animations/Enemies/SkeletonClothed/SkeletonRise.anim
  artifactKey: Guid(d3d1e5ef4eb15e844aa61ea41352128d) Importer(815301076,1909f56bfc062723c751e8b465ee728b)
Start importing Assets/Animations/Enemies/SkeletonClothed/SkeletonRise.anim using Guid(d3d1e5ef4eb15e844aa61ea41352128d) Importer(815301076,1909f56bfc062723c751e8b465ee728b)  -> (artifact id: '32b8f8c64c6bf50ab73563dc068443b9') in 0.030542 seconds
  Import took 0.038566 seconds .

========================================================================
Received Prepare
Registering precompiled user dll's ...
Registered in 0.001521 seconds.
Begin MonoManager ReloadAssembly
Native extension for WindowsStandalone target not found
Refreshing native plugins compatible for Editor in 1.12 ms, found 1 plugins.
Preloading 0 native plugins for Editor in 0.00 ms.
Mono: successfully reloaded assembly
- Completed reload, in  2.116 seconds
Platform modules already initialized, skipping
Refreshing native plugins compatible for Editor in 0.67 ms, found 1 plugins.
Preloading 0 native plugins for Editor in 0.00 ms.
Unloading 1815 Unused Serialized files (Serialized files now loaded: 0)
System memory in use before: 89.2 MB.
System memory in use after: 89.2 MB.

Unloading 12 unused Assets to reduce memory usage. Loaded Objects now: 2284.
Total: 4.009500 ms (FindLiveObjects: 0.350100 ms CreateObjectMapping: 0.143000 ms MarkObjects: 3.336300 ms  DeleteObjects: 0.178000 ms)

========================================================================
Received Prepare
Registering precompiled user dll's ...
Registered in 0.001867 seconds.
Begin MonoManager ReloadAssembly
Native extension for WindowsStandalone target not found
Refreshing native plugins compatible for Editor in 0.49 ms, found 1 plugins.
Preloading 0 native plugins for Editor in 0.00 ms.
Mono: successfully reloaded assembly
- Completed reload, in  2.110 seconds
Platform modules already initialized, skipping
Refreshing native plugins compatible for Editor in 0.84 ms, found 1 plugins.
Preloading 0 native plugins for Editor in 0.00 ms.
Unloading 1815 Unused Serialized files (Serialized files now loaded: 0)
System memory in use before: 89.3 MB.
System memory in use after: 89.2 MB.

Unloading 12 unused Assets to reduce memory usage. Loaded Objects now: 2288.
Total: 4.563400 ms (FindLiveObjects: 0.359400 ms CreateObjectMapping: 0.212200 ms MarkObjects: 3.789200 ms  DeleteObjects: 0.200300 ms)

========================================================================
Received Import Request.
  Time since last request: 196.474457 seconds.
  path: Assets/GothicVania Church/Sprites/Enemies
  artifactKey: Guid(629803cf4b66b42d3bcf3b8f930613de) Importer(815301076,1909f56bfc062723c751e8b465ee728b)
Start importing Assets/GothicVania Church/Sprites/Enemies using Guid(629803cf4b66b42d3bcf3b8f930613de) Importer(815301076,1909f56bfc062723c751e8b465ee728b)  -> (artifact id: 'f317016ac8f0c01dfd35aa7922daf090') in 0.027780 seconds
  Import took 0.177762 seconds .

========================================================================
Received Import Request.
  Time since last request: 1.834588 seconds.
  path: Assets/GothicVania Church/Sprites/Enemies/Angel-Attack
  artifactKey: Guid(e232efc1f74314517b71f383bbe01497) Importer(815301076,1909f56bfc062723c751e8b465ee728b)
Start importing Assets/GothicVania Church/Sprites/Enemies/Angel-Attack using Guid(e232efc1f74314517b71f383bbe01497) Importer(815301076,1909f56bfc062723c751e8b465ee728b)  -> (artifact id: '6d1b42d267661465f04b62e59739e4ad') in 0.031636 seconds
  Import took 0.039876 seconds .

========================================================================
Received Import Request.
  Time since last request: 0.077352 seconds.
  path: Assets/GothicVania Church/Sprites/Enemies/Angel-Attack/angel-attack-1.png
  artifactKey: Guid(ab8c6ad7260aa4988b3a67bd49e66038) Importer(815301076,1909f56bfc062723c751e8b465ee728b)
Start importing Assets/GothicVania Church/Sprites/Enemies/Angel-Attack/angel-attack-1.png using Guid(ab8c6ad7260aa4988b3a67bd49e66038) Importer(815301076,1909f56bfc062723c751e8b465ee728b)  -> (artifact id: '39bfb1a023992be6138e7d4273cd3655') in 0.162105 seconds
  Import took 0.169798 seconds .

========================================================================
Received Import Request.
  Time since last request: 0.000387 seconds.
  path: Assets/GothicVania Church/Sprites/Enemies/Angel-Attack/angel-attack-2.png
  artifactKey: Guid(4694483d57006449b83361c219c4f27a) Importer(815301076,1909f56bfc062723c751e8b465ee728b)
Start importing Assets/GothicVania Church/Sprites/Enemies/Angel-Attack/angel-attack-2.png using Guid(4694483d57006449b83361c219c4f27a) Importer(815301076,1909f56bfc062723c751e8b465ee728b)  -> (artifact id: '93726aa2e7912805aa38bb2a25ffdcb4') in 0.074164 seconds
  Import took 0.080008 seconds .

========================================================================
Received Import Request.
  Time since last request: 0.000274 seconds.
  path: Assets/GothicVania Church/Sprites/Enemies/Angel-Attack/angel-attack-3.png
  artifactKey: Guid(cf4d6ac7b070d484fa7b90c92bbcba93) Importer(815301076,1909f56bfc062723c751e8b465ee728b)
Start importing Assets/GothicVania Church/Sprites/Enemies/Angel-Attack/angel-attack-3.png using Guid(cf4d6ac7b070d484fa7b90c92bbcba93) Importer(815301076,1909f56bfc062723c751e8b465ee728b)  -> (artifact id: '9d9d98c53e32696753b7c3a484e6e04b') in 0.080572 seconds
  Import took 0.087413 seconds .

========================================================================
Received Import Request.
  Time since last request: 4.306913 seconds.
  path: Assets/GothicVania Church/Sprites/Enemies/Angel-Idle/angel1.png
  artifactKey: Guid(fce97958da54a4c40a77191a048fa121) Importer(815301076,1909f56bfc062723c751e8b465ee728b)
Start importing Assets/GothicVania Church/Sprites/Enemies/Angel-Idle/angel1.png using Guid(fce97958da54a4c40a77191a048fa121) Importer(815301076,1909f56bfc062723c751e8b465ee728b)  -> (artifact id: 'f1c6e0e8b1c911b9b1f0475132de763a') in 0.044505 seconds
  Import took 0.053712 seconds .

========================================================================
Received Import Request.
  Time since last request: 0.000483 seconds.
  path: Assets/GothicVania Church/Sprites/Enemies/Angel-Idle/angel7.png
  artifactKey: Guid(3d67c7d35f76d415ab46d308411ae49f) Importer(815301076,1909f56bfc062723c751e8b465ee728b)
Start importing Assets/GothicVania Church/Sprites/Enemies/Angel-Idle/angel7.png using Guid(3d67c7d35f76d415ab46d308411ae49f) Importer(815301076,1909f56bfc062723c751e8b465ee728b)  -> (artifact id: '98f21c08861ed4444c032cda945f57af') in 0.051299 seconds
  Import took 0.057579 seconds .

========================================================================
Received Import Request.
  Time since last request: 0.000323 seconds.
  path: Assets/GothicVania Church/Sprites/Enemies/Angel-Idle/angel3.png
  artifactKey: Guid(66378c6e1c74a4e1598202a298a855b7) Importer(815301076,1909f56bfc062723c751e8b465ee728b)
Start importing Assets/GothicVania Church/Sprites/Enemies/Angel-Idle/angel3.png using Guid(66378c6e1c74a4e1598202a298a855b7) Importer(815301076,1909f56bfc062723c751e8b465ee728b)  -> (artifact id: '0de7f2f2240be3807e0ce2938ec75ab3') in 0.056429 seconds
  Import took 0.064470 seconds .

========================================================================
Received Import Request.
  Time since last request: 0.000252 seconds.
  path: Assets/GothicVania Church/Sprites/Enemies/Angel-Idle/angel8.png
  artifactKey: Guid(55483373304e84a7c821d5390de99fdb) Importer(815301076,1909f56bfc062723c751e8b465ee728b)
Start importing Assets/GothicVania Church/Sprites/Enemies/Angel-Idle/angel8.png using Guid(55483373304e84a7c821d5390de99fdb) Importer(815301076,1909f56bfc062723c751e8b465ee728b)  -> (artifact id: 'c0173f7e834e99519d3435bf8c300783') in 0.054695 seconds
  Import took 0.060808 seconds .

========================================================================
Received Import Request.
  Time since last request: 0.000620 seconds.
  path: Assets/GothicVania Church/Sprites/Enemies/Angel-Idle/angel4.png
  artifactKey: Guid(3be7eb8ca5bd045a5b1955571b2b357e) Importer(815301076,1909f56bfc062723c751e8b465ee728b)
Start importing Assets/GothicVania Church/Sprites/Enemies/Angel-Idle/angel4.png using Guid(3be7eb8ca5bd045a5b1955571b2b357e) Importer(815301076,1909f56bfc062723c751e8b465ee728b)  -> (artifact id: 'df1001b3a7cb2e924566a7c97611ea9f') in 0.052541 seconds
  Import took 0.058907 seconds .

========================================================================
Received Import Request.
  Time since last request: 0.000370 seconds.
  path: Assets/GothicVania Church/Sprites/Enemies/Angel-Idle/angel6.png
  artifactKey: Guid(a9334dabab2b04a25af2fd2cee6d9bef) Importer(815301076,1909f56bfc062723c751e8b465ee728b)
Start importing Assets/GothicVania Church/Sprites/Enemies/Angel-Idle/angel6.png using Guid(a9334dabab2b04a25af2fd2cee6d9bef) Importer(815301076,1909f56bfc062723c751e8b465ee728b)  -> (artifact id: '75401e4f3917b51221a6dda3c27faef1') in 0.054450 seconds
  Import took 0.059395 seconds .

========================================================================
Received Import Request.
  Time since last request: 0.000263 seconds.
  path: Assets/GothicVania Church/Sprites/Enemies/Angel-Idle/angel2.png
  artifactKey: Guid(8227eed74717840efab40c23d2406b66) Importer(815301076,1909f56bfc062723c751e8b465ee728b)
Start importing Assets/GothicVania Church/Sprites/Enemies/Angel-Idle/angel2.png using Guid(8227eed74717840efab40c23d2406b66) Importer(815301076,1909f56bfc062723c751e8b465ee728b)  -> (artifact id: '448995983e27e07e27fa6baef635732a') in 0.049094 seconds
  Import took 0.056065 seconds .

========================================================================
Received Import Request.
  Time since last request: 0.000365 seconds.
  path: Assets/GothicVania Church/Sprites/Enemies/Angel-Idle/angel5.png
  artifactKey: Guid(73ed7f313e86e4564afc2c7b474d707f) Importer(815301076,1909f56bfc062723c751e8b465ee728b)
Start importing Assets/GothicVania Church/Sprites/Enemies/Angel-Idle/angel5.png using Guid(73ed7f313e86e4564afc2c7b474d707f) Importer(815301076,1909f56bfc062723c751e8b465ee728b)  -> (artifact id: '4b98ae91269f3b0cee556a96ea6681ba') in 0.051153 seconds
  Import took 0.060513 seconds .

========================================================================
Received Import Request.
  Time since last request: 0.000342 seconds.
  path: Assets/GothicVania Church/Sprites/Enemies/Angel-Idle/angel2.png
  artifactKey: Guid(8227eed74717840efab40c23d2406b66) Importer(815301076,1909f56bfc062723c751e8b465ee728b)
Start importing Assets/GothicVania Church/Sprites/Enemies/Angel-Idle/angel2.png using Guid(8227eed74717840efab40c23d2406b66) Importer(815301076,1909f56bfc062723c751e8b465ee728b)  -> (artifact id: '448995983e27e07e27fa6baef635732a') in 0.027133 seconds
  Import took 0.033413 seconds .

========================================================================
Received Import Request.
  Time since last request: 0.000511 seconds.
  path: Assets/GothicVania Church/Sprites/Enemies/Angel-Idle/angel5.png
  artifactKey: Guid(73ed7f313e86e4564afc2c7b474d707f) Importer(815301076,1909f56bfc062723c751e8b465ee728b)
Start importing Assets/GothicVania Church/Sprites/Enemies/Angel-Idle/angel5.png using Guid(73ed7f313e86e4564afc2c7b474d707f) Importer(815301076,1909f56bfc062723c751e8b465ee728b)  -> (artifact id: '4b98ae91269f3b0cee556a96ea6681ba') in 0.032474 seconds
  Import took 0.039183 seconds .

========================================================================
Received Import Request.
  Time since last request: 6.950280 seconds.
  path: Assets/GothicVania Church/Sprites/Enemies/Burning-Ghoul/burning-ghoul1.png
  artifactKey: Guid(0868bf4c36fa14dacbef0b4619f706e6) Importer(815301076,1909f56bfc062723c751e8b465ee728b)
Start importing Assets/GothicVania Church/Sprites/Enemies/Burning-Ghoul/burning-ghoul1.png using Guid(0868bf4c36fa14dacbef0b4619f706e6) Importer(815301076,1909f56bfc062723c751e8b465ee728b)  -> (artifact id: '9ad39d914f005b43c74c1de257c76b1c') in 0.042772 seconds
  Import took 0.054073 seconds .

========================================================================
Received Import Request.
  Time since last request: 0.000486 seconds.
  path: Assets/GothicVania Church/Sprites/Enemies/Burning-Ghoul/burning-ghoul4.png
  artifactKey: Guid(d51a80d9315ca4ee9872168f3eec4877) Importer(815301076,1909f56bfc062723c751e8b465ee728b)
Start importing Assets/GothicVania Church/Sprites/Enemies/Burning-Ghoul/burning-ghoul4.png using Guid(d51a80d9315ca4ee9872168f3eec4877) Importer(815301076,1909f56bfc062723c751e8b465ee728b)  -> (artifact id: 'fbbef0251ef5c79869f0673daba34acb') in 0.058095 seconds
  Import took 0.065284 seconds .

========================================================================
Received Import Request.
  Time since last request: 0.000346 seconds.
  path: Assets/GothicVania Church/Sprites/Enemies/Burning-Ghoul/burning-ghoul3.png
  artifactKey: Guid(b610a4c36c47d408183676f30f03d10d) Importer(815301076,1909f56bfc062723c751e8b465ee728b)
Start importing Assets/GothicVania Church/Sprites/Enemies/Burning-Ghoul/burning-ghoul3.png using Guid(b610a4c36c47d408183676f30f03d10d) Importer(815301076,1909f56bfc062723c751e8b465ee728b)  -> (artifact id: '6b04e85af483f471f4552a6a538e80f8') in 0.053997 seconds
  Import took 0.060290 seconds .

========================================================================
Received Import Request.
  Time since last request: 0.000313 seconds.
  path: Assets/GothicVania Church/Sprites/Enemies/Burning-Ghoul/burning-ghoul7.png
  artifactKey: Guid(32b705df7a1d4464e898d8b96d38c1cb) Importer(815301076,1909f56bfc062723c751e8b465ee728b)
Start importing Assets/GothicVania Church/Sprites/Enemies/Burning-Ghoul/burning-ghoul7.png using Guid(32b705df7a1d4464e898d8b96d38c1cb) Importer(815301076,1909f56bfc062723c751e8b465ee728b)  -> (artifact id: '5860d974e51443f93db4d6d10da8ec19') in 0.046903 seconds
  Import took 0.053255 seconds .

========================================================================
Received Import Request.
  Time since last request: 0.000725 seconds.
  path: Assets/GothicVania Church/Sprites/Enemies/Burning-Ghoul/burning-ghoul2.png
  artifactKey: Guid(4daa8d9424fb449af8be4f99d6688c8d) Importer(815301076,1909f56bfc062723c751e8b465ee728b)
Start importing Assets/GothicVania Church/Sprites/Enemies/Burning-Ghoul/burning-ghoul2.png using Guid(4daa8d9424fb449af8be4f99d6688c8d) Importer(815301076,1909f56bfc062723c751e8b465ee728b)  -> (artifact id: '07eca05f1ff9aeea8d633aae6e8b8667') in 0.054996 seconds
  Import took 0.061446 seconds .

========================================================================
Received Import Request.
  Time since last request: 0.000318 seconds.
  path: Assets/GothicVania Church/Sprites/Enemies/Burning-Ghoul/burning-ghoul5.png
  artifactKey: Guid(a338231a359fb437e8b7793dd9c01504) Importer(815301076,1909f56bfc062723c751e8b465ee728b)
Start importing Assets/GothicVania Church/Sprites/Enemies/Burning-Ghoul/burning-ghoul5.png using Guid(a338231a359fb437e8b7793dd9c01504) Importer(815301076,1909f56bfc062723c751e8b465ee728b)  -> (artifact id: 'f344d84960c40029b7bea53a968b100b') in 0.048294 seconds
  Import took 0.053766 seconds .

========================================================================
Received Import Request.
  Time since last request: 0.000734 seconds.
  path: Assets/GothicVania Church/Sprites/Enemies/Burning-Ghoul/burning-ghoul6.png
  artifactKey: Guid(8a0436343c7684990b718c9c08fcc084) Importer(815301076,1909f56bfc062723c751e8b465ee728b)
Start importing Assets/GothicVania Church/Sprites/Enemies/Burning-Ghoul/burning-ghoul6.png using Guid(8a0436343c7684990b718c9c08fcc084) Importer(815301076,1909f56bfc062723c751e8b465ee728b)  -> (artifact id: '5a7705fcd409a6c19b7d1554dd2e5df0') in 0.046707 seconds
  Import took 0.053327 seconds .

========================================================================
Received Import Request.
  Time since last request: 0.000622 seconds.
  path: Assets/GothicVania Church/Sprites/Enemies/Burning-Ghoul/burning-ghoul8.png
  artifactKey: Guid(7d9c9cae814e7471688156a3807193d0) Importer(815301076,1909f56bfc062723c751e8b465ee728b)
Start importing Assets/GothicVania Church/Sprites/Enemies/Burning-Ghoul/burning-ghoul8.png using Guid(7d9c9cae814e7471688156a3807193d0) Importer(815301076,1909f56bfc062723c751e8b465ee728b)  -> (artifact id: '25b39b81b5f88acd05ba7770cb38d43c') in 0.048524 seconds
  Import took 0.053831 seconds .

========================================================================
Received Import Request.
  Time since last request: 0.003118 seconds.
  path: Assets/GothicVania Church/Sprites/Enemies/Burning-Ghoul/burning-ghoul8.png
  artifactKey: Guid(7d9c9cae814e7471688156a3807193d0) Importer(815301076,1909f56bfc062723c751e8b465ee728b)
Start importing Assets/GothicVania Church/Sprites/Enemies/Burning-Ghoul/burning-ghoul8.png using Guid(7d9c9cae814e7471688156a3807193d0) Importer(815301076,1909f56bfc062723c751e8b465ee728b)  -> (artifact id: '25b39b81b5f88acd05ba7770cb38d43c') in 0.026028 seconds
  Import took 0.031906 seconds .

========================================================================
Received Import Request.
  Time since last request: 65.007602 seconds.
  path: Assets/GothicVania Church/Sprites/Misc/Enemy-Death
  artifactKey: Guid(a96c9dd2329cb438d9393051256ff85e) Importer(815301076,1909f56bfc062723c751e8b465ee728b)
Start importing Assets/GothicVania Church/Sprites/Misc/Enemy-Death using Guid(a96c9dd2329cb438d9393051256ff85e) Importer(815301076,1909f56bfc062723c751e8b465ee728b)  -> (artifact id: '61c7c181573b6080d6157eaf7281a0c4') in 0.027235 seconds
  Import took 0.038120 seconds .

========================================================================
Received Import Request.
  Time since last request: 0.167464 seconds.
  path: Assets/GothicVania Church/Sprites/Misc/Enemy-Death/Enemy-Death-2.png
  artifactKey: Guid(05693a8fd758747cab019551188b0447) Importer(815301076,1909f56bfc062723c751e8b465ee728b)
Start importing Assets/GothicVania Church/Sprites/Misc/Enemy-Death/Enemy-Death-2.png using Guid(05693a8fd758747cab019551188b0447) Importer(815301076,1909f56bfc062723c751e8b465ee728b)  -> (artifact id: 'f97649f7b6d179eda9343a8dba47f0d9') in 0.043897 seconds
  Import took 0.049865 seconds .

========================================================================
Received Import Request.
  Time since last request: 0.000203 seconds.
  path: Assets/GothicVania Church/Sprites/Misc/Enemy-Death/Enemy-Death-4.png
  artifactKey: Guid(30e4f85892c46449cbd4ea836c389c9b) Importer(815301076,1909f56bfc062723c751e8b465ee728b)
Start importing Assets/GothicVania Church/Sprites/Misc/Enemy-Death/Enemy-Death-4.png using Guid(30e4f85892c46449cbd4ea836c389c9b) Importer(815301076,1909f56bfc062723c751e8b465ee728b)  -> (artifact id: '65bd2e6aeeee113c7dba9fe261c856c5') in 0.049141 seconds
  Import took 0.054531 seconds .

========================================================================
Received Import Request.
  Time since last request: 0.000244 seconds.
  path: Assets/GothicVania Church/Sprites/Misc/Enemy-Death/Enemy-Death-6.png
  artifactKey: Guid(13f4a1907b0bf431797e44979420ba8d) Importer(815301076,1909f56bfc062723c751e8b465ee728b)
Start importing Assets/GothicVania Church/Sprites/Misc/Enemy-Death/Enemy-Death-6.png using Guid(13f4a1907b0bf431797e44979420ba8d) Importer(815301076,1909f56bfc062723c751e8b465ee728b)  -> (artifact id: '8f9835f5907d549fd142e07f9ccb342f') in 0.051206 seconds
  Import took 0.056619 seconds .

========================================================================
Received Import Request.
  Time since last request: 0.000710 seconds.
  path: Assets/GothicVania Church/Sprites/Misc/Enemy-Death/Enemy-Death-5.png
  artifactKey: Guid(57845e207a697433b92e3aba240a4b2a) Importer(815301076,1909f56bfc062723c751e8b465ee728b)
Start importing Assets/GothicVania Church/Sprites/Misc/Enemy-Death/Enemy-Death-5.png using Guid(57845e207a697433b92e3aba240a4b2a) Importer(815301076,1909f56bfc062723c751e8b465ee728b)  -> (artifact id: 'ad95972bd0d1b5f79e5d29bb0674750d') in 0.049744 seconds
  Import took 0.054306 seconds .

========================================================================
Received Import Request.
  Time since last request: 0.000255 seconds.
  path: Assets/GothicVania Church/Sprites/Misc/Enemy-Death/Enemy-Death-3.png
  artifactKey: Guid(2bcb30bfe42a24c16b493bfee67b8ef8) Importer(815301076,1909f56bfc062723c751e8b465ee728b)
Start importing Assets/GothicVania Church/Sprites/Misc/Enemy-Death/Enemy-Death-3.png using Guid(2bcb30bfe42a24c16b493bfee67b8ef8) Importer(815301076,1909f56bfc062723c751e8b465ee728b)  -> (artifact id: 'aa65c1c8c283b2742d44626f00a8a7bb') in 0.049786 seconds
  Import took 0.055512 seconds .

========================================================================
Received Import Request.
  Time since last request: 0.000226 seconds.
  path: Assets/GothicVania Church/Sprites/Misc/Enemy-Death/Enemy-Death-7.png
  artifactKey: Guid(e4dfb8af17a354fd4a5278f311c19e03) Importer(815301076,1909f56bfc062723c751e8b465ee728b)
Start importing Assets/GothicVania Church/Sprites/Misc/Enemy-Death/Enemy-Death-7.png using Guid(e4dfb8af17a354fd4a5278f311c19e03) Importer(815301076,1909f56bfc062723c751e8b465ee728b)  -> (artifact id: '180f1fa3f15deb167d69182d31145a4d') in 0.052520 seconds
  Import took 0.060134 seconds .

========================================================================
Received Import Request.
  Time since last request: 4.785632 seconds.
  path: Assets/GothicVania Church/Sprites/Misc/Fireball/fireball1.png
  artifactKey: Guid(bead47d786e844adba7899d02e8851eb) Importer(815301076,1909f56bfc062723c751e8b465ee728b)
Start importing Assets/GothicVania Church/Sprites/Misc/Fireball/fireball1.png using Guid(bead47d786e844adba7899d02e8851eb) Importer(815301076,1909f56bfc062723c751e8b465ee728b)  -> (artifact id: '5e8073d9441d53b78e3ebdf457bd3374') in 0.071939 seconds
  Import took 0.086688 seconds .

========================================================================
Received Import Request.
  Time since last request: 0.000528 seconds.
  path: Assets/GothicVania Church/Sprites/Misc/Fireball/fireball3.png
  artifactKey: Guid(1cbab147f3d6a4298afd5dc425552309) Importer(815301076,1909f56bfc062723c751e8b465ee728b)
Start importing Assets/GothicVania Church/Sprites/Misc/Fireball/fireball3.png using Guid(1cbab147f3d6a4298afd5dc425552309) Importer(815301076,1909f56bfc062723c751e8b465ee728b)  -> (artifact id: 'f342048b62a68333f13db3fde08c4cae') in 0.055824 seconds
  Import took 0.063920 seconds .

========================================================================
Received Import Request.
  Time since last request: 0.000211 seconds.
  path: Assets/GothicVania Church/Sprites/Misc/Fireball/fireball2.png
  artifactKey: Guid(764d28acbc3994af2873c2c42bdab986) Importer(815301076,1909f56bfc062723c751e8b465ee728b)
Start importing Assets/GothicVania Church/Sprites/Misc/Fireball/fireball2.png using Guid(764d28acbc3994af2873c2c42bdab986) Importer(815301076,1909f56bfc062723c751e8b465ee728b)  -> (artifact id: '3c1b26a607ec87168b8ce7f58db4537c') in 0.054593 seconds
  Import took 0.062611 seconds .

========================================================================
Received Import Request.
  Time since last request: 0.002490 seconds.
  path: Assets/GothicVania Church/Sprites/Misc/Fireball/fireball2.png
  artifactKey: Guid(764d28acbc3994af2873c2c42bdab986) Importer(815301076,1909f56bfc062723c751e8b465ee728b)
Start importing Assets/GothicVania Church/Sprites/Misc/Fireball/fireball2.png using Guid(764d28acbc3994af2873c2c42bdab986) Importer(815301076,1909f56bfc062723c751e8b465ee728b)  -> (artifact id: '3c1b26a607ec87168b8ce7f58db4537c') in 0.025312 seconds
  Import took 0.030074 seconds .

========================================================================
Received Import Request.
  Time since last request: 2.292903 seconds.
  path: Assets/GothicVania Church/Sprites/Enemies/Wizard-Fire/fire1.png
  artifactKey: Guid(597896b5bd1ae45e8923818e25d67a09) Importer(815301076,1909f56bfc062723c751e8b465ee728b)
Start importing Assets/GothicVania Church/Sprites/Enemies/Wizard-Fire/fire1.png using Guid(597896b5bd1ae45e8923818e25d67a09) Importer(815301076,1909f56bfc062723c751e8b465ee728b)  -> (artifact id: 'dc11d70f4cef9b32cbe59a5419d25876') in 0.037177 seconds
  Import took 0.044770 seconds .

========================================================================
Received Import Request.
  Time since last request: 0.000295 seconds.
  path: Assets/GothicVania Church/Sprites/Enemies/Wizard-Fire/fire5.png
  artifactKey: Guid(1dd4ddef074614c348aac963e1e72bdc) Importer(815301076,1909f56bfc062723c751e8b465ee728b)
Start importing Assets/GothicVania Church/Sprites/Enemies/Wizard-Fire/fire5.png using Guid(1dd4ddef074614c348aac963e1e72bdc) Importer(815301076,1909f56bfc062723c751e8b465ee728b)  -> (artifact id: 'be679d7c3b3d40f3b96a5d02a09f5132') in 0.053514 seconds
  Import took 0.060720 seconds .

========================================================================
Received Import Request.
  Time since last request: 0.000390 seconds.
  path: Assets/GothicVania Church/Sprites/Enemies/Wizard-Fire/fire2.png
  artifactKey: Guid(b49ec68784d154909a60e813b802b30b) Importer(815301076,1909f56bfc062723c751e8b465ee728b)
Start importing Assets/GothicVania Church/Sprites/Enemies/Wizard-Fire/fire2.png using Guid(b49ec68784d154909a60e813b802b30b) Importer(815301076,1909f56bfc062723c751e8b465ee728b)  -> (artifact id: 'c7cf3eeed10afbb5ab444a5247195e25') in 0.054377 seconds
  Import took 0.060547 seconds .

========================================================================
Received Import Request.
  Time since last request: 0.000229 seconds.
  path: Assets/GothicVania Church/Sprites/Enemies/Wizard-Fire/fire4.png
  artifactKey: Guid(2c329b811a83e46d8928f705262180e8) Importer(815301076,1909f56bfc062723c751e8b465ee728b)
Start importing Assets/GothicVania Church/Sprites/Enemies/Wizard-Fire/fire4.png using Guid(2c329b811a83e46d8928f705262180e8) Importer(815301076,1909f56bfc062723c751e8b465ee728b)  -> (artifact id: 'ca64ad049d7188568f9092b5e4832655') in 0.047833 seconds
  Import took 0.054250 seconds .

========================================================================
Received Import Request.
  Time since last request: 0.000293 seconds.
  path: Assets/GothicVania Church/Sprites/Enemies/Wizard-Fire/fire8.png
  artifactKey: Guid(ee9497270f8e4451d905d17d90ccad9c) Importer(815301076,1909f56bfc062723c751e8b465ee728b)
Start importing Assets/GothicVania Church/Sprites/Enemies/Wizard-Fire/fire8.png using Guid(ee9497270f8e4451d905d17d90ccad9c) Importer(815301076,1909f56bfc062723c751e8b465ee728b)  -> (artifact id: '8433afe7e5cef7d5cec8b721464b1abb') in 0.049962 seconds
  Import took 0.055116 seconds .

========================================================================
Received Import Request.
  Time since last request: 0.000277 seconds.
  path: Assets/GothicVania Church/Sprites/Enemies/Wizard-Fire/fire3.png
  artifactKey: Guid(a361d0bfbed22487ca5e27df3288e525) Importer(815301076,1909f56bfc062723c751e8b465ee728b)
Start importing Assets/GothicVania Church/Sprites/Enemies/Wizard-Fire/fire3.png using Guid(a361d0bfbed22487ca5e27df3288e525) Importer(815301076,1909f56bfc062723c751e8b465ee728b)  -> (artifact id: '6bf155eb158b0a7a28c441d8bb18dabc') in 0.049605 seconds
  Import took 0.058747 seconds .

========================================================================
Received Import Request.
  Time since last request: 0.000353 seconds.
  path: Assets/GothicVania Church/Sprites/Enemies/Wizard-Fire/fire9.png
  artifactKey: Guid(21f0cd6808a7c4da4a5a8f23cc8bc8b5) Importer(815301076,1909f56bfc062723c751e8b465ee728b)
Start importing Assets/GothicVania Church/Sprites/Enemies/Wizard-Fire/fire9.png using Guid(21f0cd6808a7c4da4a5a8f23cc8bc8b5) Importer(815301076,1909f56bfc062723c751e8b465ee728b)  -> (artifact id: '804d2f2a8f177a9175c488e6b4977bb1') in 0.049852 seconds
  Import took 0.055549 seconds .

========================================================================
Received Import Request.
  Time since last request: 0.000296 seconds.
  path: Assets/GothicVania Church/Sprites/Enemies/Wizard-Fire/fire7.png
  artifactKey: Guid(c22e5288bcb4446e9a44e3d50cf014c1) Importer(815301076,1909f56bfc062723c751e8b465ee728b)
Start importing Assets/GothicVania Church/Sprites/Enemies/Wizard-Fire/fire7.png using Guid(c22e5288bcb4446e9a44e3d50cf014c1) Importer(815301076,1909f56bfc062723c751e8b465ee728b)  -> (artifact id: '969d1046670b47d010f7c3285f1cddd4') in 0.053461 seconds
  Import took 0.057864 seconds .

========================================================================
Received Import Request.
  Time since last request: 0.000320 seconds.
  path: Assets/GothicVania Church/Sprites/Enemies/Wizard-Fire/fire10.png
  artifactKey: Guid(45d89eb64f4af4d5c907c7c5ef5b9cee) Importer(815301076,1909f56bfc062723c751e8b465ee728b)
Start importing Assets/GothicVania Church/Sprites/Enemies/Wizard-Fire/fire10.png using Guid(45d89eb64f4af4d5c907c7c5ef5b9cee) Importer(815301076,1909f56bfc062723c751e8b465ee728b)  -> (artifact id: '75c144b8af89e4f9a67c5c937fd8e8b6') in 0.047445 seconds
  Import took 0.052977 seconds .

========================================================================
Received Import Request.
  Time since last request: 0.000341 seconds.
  path: Assets/GothicVania Church/Sprites/Enemies/Wizard-Fire/fire6.png
  artifactKey: Guid(47e952a4b77a047849c7150b9fdbca72) Importer(815301076,1909f56bfc062723c751e8b465ee728b)
Start importing Assets/GothicVania Church/Sprites/Enemies/Wizard-Fire/fire6.png using Guid(47e952a4b77a047849c7150b9fdbca72) Importer(815301076,1909f56bfc062723c751e8b465ee728b)  -> (artifact id: '1731bbe7b2ae35a3426afbdbd2dacf4c') in 0.054133 seconds
  Import took 0.062227 seconds .

========================================================================
Received Import Request.
  Time since last request: 2.067371 seconds.
  path: Assets/GothicVania Church/Sprites/Enemies/Wizard-Idle/wizard-idle-1.png
  artifactKey: Guid(0c95faed3aa5a43d3b19f112f0843c87) Importer(815301076,1909f56bfc062723c751e8b465ee728b)
Start importing Assets/GothicVania Church/Sprites/Enemies/Wizard-Idle/wizard-idle-1.png using Guid(0c95faed3aa5a43d3b19f112f0843c87) Importer(815301076,1909f56bfc062723c751e8b465ee728b)  -> (artifact id: '389aac79f1fcd6eabee0d053edbee713') in 0.045059 seconds
  Import took 0.055059 seconds .

========================================================================
Received Import Request.
  Time since last request: 0.000404 seconds.
  path: Assets/GothicVania Church/Sprites/Enemies/Wizard-Idle/wizard-idle-2.png
  artifactKey: Guid(c387fe7fa73be4111aad07557b418792) Importer(815301076,1909f56bfc062723c751e8b465ee728b)
Start importing Assets/GothicVania Church/Sprites/Enemies/Wizard-Idle/wizard-idle-2.png using Guid(c387fe7fa73be4111aad07557b418792) Importer(815301076,1909f56bfc062723c751e8b465ee728b)  -> (artifact id: '6cb63294ec666891a66b5371333f55b6') in 0.050084 seconds
  Import took 0.057415 seconds .

========================================================================
Received Import Request.
  Time since last request: 0.000111 seconds.
  path: Assets/GothicVania Church/Sprites/Enemies/Wizard-Idle/wizard-idle-3.png
  artifactKey: Guid(f7937dea06d104f4c9250daee53b1812) Importer(815301076,1909f56bfc062723c751e8b465ee728b)
Start importing Assets/GothicVania Church/Sprites/Enemies/Wizard-Idle/wizard-idle-3.png using Guid(f7937dea06d104f4c9250daee53b1812) Importer(815301076,1909f56bfc062723c751e8b465ee728b)  -> (artifact id: '79609cd0a38a2af32ae00421854ff00e') in 0.059975 seconds
  Import took 0.068554 seconds .

========================================================================
Received Import Request.
  Time since last request: 0.000404 seconds.
  path: Assets/GothicVania Church/Sprites/Enemies/Wizard-Idle/wizard-idle-4.png
  artifactKey: Guid(68bcece766a354e5485d8c78f0517331) Importer(815301076,1909f56bfc062723c751e8b465ee728b)
Start importing Assets/GothicVania Church/Sprites/Enemies/Wizard-Idle/wizard-idle-4.png using Guid(68bcece766a354e5485d8c78f0517331) Importer(815301076,1909f56bfc062723c751e8b465ee728b)  -> (artifact id: 'cbc46f4ecb2a452587d9b70c6e9c8cfa') in 0.051952 seconds
  Import took 0.057623 seconds .

========================================================================
Received Import Request.
  Time since last request: 0.000251 seconds.
  path: Assets/GothicVania Church/Sprites/Enemies/Wizard-Idle/wizard-idle-5.png
  artifactKey: Guid(b3e38fb5b83a24c4b93049ebc52a07a6) Importer(815301076,1909f56bfc062723c751e8b465ee728b)
Start importing Assets/GothicVania Church/Sprites/Enemies/Wizard-Idle/wizard-idle-5.png using Guid(b3e38fb5b83a24c4b93049ebc52a07a6) Importer(815301076,1909f56bfc062723c751e8b465ee728b)  -> (artifact id: 'ace07b4de4e67dc6376034e8d0b05792') in 0.042936 seconds
  Import took 0.050078 seconds .

========================================================================
Received Import Request.
  Time since last request: 0.000085 seconds.
  path: Assets/GothicVania Church/Sprites/Enemies/Wizard-Idle/wizard-idle-4.png
  artifactKey: Guid(68bcece766a354e5485d8c78f0517331) Importer(815301076,1909f56bfc062723c751e8b465ee728b)
Start importing Assets/GothicVania Church/Sprites/Enemies/Wizard-Idle/wizard-idle-4.png using Guid(68bcece766a354e5485d8c78f0517331) Importer(815301076,1909f56bfc062723c751e8b465ee728b)  -> (artifact id: 'cbc46f4ecb2a452587d9b70c6e9c8cfa') in 0.023853 seconds
  Import took 0.031729 seconds .

========================================================================
Received Import Request.
  Time since last request: 21.596822 seconds.
  path: Assets/GothicVania Church/Environment/bg-1.png
  artifactKey: Guid(4088e222fbea240ceb318507c580aa2e) Importer(815301076,1909f56bfc062723c751e8b465ee728b)
Start importing Assets/GothicVania Church/Environment/bg-1.png using Guid(4088e222fbea240ceb318507c580aa2e) Importer(815301076,1909f56bfc062723c751e8b465ee728b)  -> (artifact id: 'b8cef0683889fb932ad8beae2648f83a') in 0.041785 seconds
  Import took 0.048386 seconds .

========================================================================
Received Import Request.
  Time since last request: 0.000323 seconds.
  path: Assets/GothicVania Church/Environment/column.png
  artifactKey: Guid(41d8855c301eb4f37bddd0d3dfac611b) Importer(815301076,1909f56bfc062723c751e8b465ee728b)
Start importing Assets/GothicVania Church/Environment/column.png using Guid(41d8855c301eb4f37bddd0d3dfac611b) Importer(815301076,1909f56bfc062723c751e8b465ee728b)  -> (artifact id: '81b7f298874b1bc9fb7e19ab22fcfddf') in 0.158700 seconds
  Import took 0.163883 seconds .

========================================================================
Received Import Request.
  Time since last request: 0.000263 seconds.
  path: Assets/GothicVania Church/Environment/tileset.png
  artifactKey: Guid(aaa6ed922388941e8a1e8c9a7cb2a712) Importer(815301076,1909f56bfc062723c751e8b465ee728b)
Start importing Assets/GothicVania Church/Environment/tileset.png using Guid(aaa6ed922388941e8a1e8c9a7cb2a712) Importer(815301076,1909f56bfc062723c751e8b465ee728b)  -> (artifact id: '04f5e92dd0ef045de0acfe43734b4a77') in 0.056519 seconds
  Import took 0.063781 seconds .

========================================================================
Received Import Request.
  Time since last request: 0.000337 seconds.
  path: Assets/GothicVania Church/Environment/bg-2.png
  artifactKey: Guid(4d106ce971166481faa32de0ba5145c0) Importer(815301076,1909f56bfc062723c751e8b465ee728b)
Start importing Assets/GothicVania Church/Environment/bg-2.png using Guid(4d106ce971166481faa32de0ba5145c0) Importer(815301076,1909f56bfc062723c751e8b465ee728b)  -> (artifact id: 'c0efd4966c6fd46a4110fdadd5239b10') in 0.059738 seconds
  Import took 0.067190 seconds .

========================================================================
Received Import Request.
  Time since last request: 0.000425 seconds.
  path: Assets/GothicVania Church/Environment/bg-3.png
  artifactKey: Guid(167f44201ce9c4632b387d0a0822f7f5) Importer(815301076,1909f56bfc062723c751e8b465ee728b)
Start importing Assets/GothicVania Church/Environment/bg-3.png using Guid(167f44201ce9c4632b387d0a0822f7f5) Importer(815301076,1909f56bfc062723c751e8b465ee728b)  -> (artifact id: '362ef66a3ed1b7e79a831a3dcfd7fe4c') in 0.050166 seconds
  Import took 0.056001 seconds .

========================================================================
Received Import Request.
  Time since last request: 0.000222 seconds.
  path: Assets/GothicVania Church/Environment/bg-5.png
  artifactKey: Guid(f8298875ddc0d4fa4bb8d9a60b80fa3b) Importer(815301076,1909f56bfc062723c751e8b465ee728b)
Start importing Assets/GothicVania Church/Environment/bg-5.png using Guid(f8298875ddc0d4fa4bb8d9a60b80fa3b) Importer(815301076,1909f56bfc062723c751e8b465ee728b)  -> (artifact id: '48cc5d78c213a10ece143f3a656e582f') in 0.051000 seconds
  Import took 0.056696 seconds .

========================================================================
Received Import Request.
  Time since last request: 0.000296 seconds.
  path: Assets/GothicVania Church/Environment/bg-4.png
  artifactKey: Guid(d8254b0cb964744a0a12cf381c9356e0) Importer(815301076,1909f56bfc062723c751e8b465ee728b)
Start importing Assets/GothicVania Church/Environment/bg-4.png using Guid(d8254b0cb964744a0a12cf381c9356e0) Importer(815301076,1909f56bfc062723c751e8b465ee728b)  -> (artifact id: '1e538ba03af8074297065cba7aa6cc49') in 0.053491 seconds
  Import took 0.060054 seconds .

========================================================================
Received Import Request.
  Time since last request: 10.674167 seconds.
  path: Assets/GothicVania Church/Scenes/demo.unity
  artifactKey: Guid(9dea8406e5e254282868c83e30be111b) Importer(815301076,1909f56bfc062723c751e8b465ee728b)
Start importing Assets/GothicVania Church/Scenes/demo.unity using Guid(9dea8406e5e254282868c83e30be111b) Importer(815301076,1909f56bfc062723c751e8b465ee728b)  -> (artifact id: '8d8aa7981624eb6468472ce6f6444394') in 0.028037 seconds
  Import took 0.034015 seconds .

========================================================================
Received Import Request.
  Time since last request: 15.235099 seconds.
  path: Assets/Scenes/EnemyTest.unity
  artifactKey: Guid(1c9d423f540a69f4e87738fb8e3ef2b7) Importer(815301076,1909f56bfc062723c751e8b465ee728b)
Start importing Assets/Scenes/EnemyTest.unity using Guid(1c9d423f540a69f4e87738fb8e3ef2b7) Importer(815301076,1909f56bfc062723c751e8b465ee728b)  -> (artifact id: '02c40da1bebe43246d7b4120b1f1629c') in 0.026701 seconds
  Import took 0.035373 seconds .

========================================================================
Received Prepare
Registering precompiled user dll's ...
Registered in 0.001355 seconds.
Begin MonoManager ReloadAssembly
Native extension for WindowsStandalone target not found
Refreshing native plugins compatible for Editor in 0.73 ms, found 1 plugins.
Preloading 0 native plugins for Editor in 0.00 ms.
Mono: successfully reloaded assembly
- Completed reload, in  2.071 seconds
Platform modules already initialized, skipping
Refreshing native plugins compatible for Editor in 0.66 ms, found 1 plugins.
Preloading 0 native plugins for Editor in 0.00 ms.
Unloading 1815 Unused Serialized files (Serialized files now loaded: 0)
System memory in use before: 89.6 MB.
System memory in use after: 89.6 MB.

Unloading 12 unused Assets to reduce memory usage. Loaded Objects now: 2313.
Total: 4.261900 ms (FindLiveObjects: 0.753400 ms CreateObjectMapping: 0.195500 ms MarkObjects: 3.114500 ms  DeleteObjects: 0.192900 ms)

========================================================================
Received Prepare
Registering precompiled user dll's ...
Registered in 0.001876 seconds.
Begin MonoManager ReloadAssembly
Native extension for WindowsStandalone target not found
Refreshing native plugins compatible for Editor in 0.65 ms, found 1 plugins.
Preloading 0 native plugins for Editor in 0.00 ms.
Mono: successfully reloaded assembly
- Completed reload, in  1.847 seconds
Platform modules already initialized, skipping
Refreshing native plugins compatible for Editor in 0.70 ms, found 1 plugins.
Preloading 0 native plugins for Editor in 0.00 ms.
Unloading 1815 Unused Serialized files (Serialized files now loaded: 0)
System memory in use before: 89.6 MB.
System memory in use after: 89.6 MB.

Unloading 12 unused Assets to reduce memory usage. Loaded Objects now: 2317.
Total: 4.076700 ms (FindLiveObjects: 0.470900 ms CreateObjectMapping: 0.200100 ms MarkObjects: 3.237900 ms  DeleteObjects: 0.165800 ms)

========================================================================
Received Import Request.
  Time since last request: 233.134247 seconds.
  path: Assets/Scripts/BurningGhoul.cs
  artifactKey: Guid(138033b85a0d9674fb4fa32569839873) Importer(815301076,1909f56bfc062723c751e8b465ee728b)
Start importing Assets/Scripts/BurningGhoul.cs using Guid(138033b85a0d9674fb4fa32569839873) Importer(815301076,1909f56bfc062723c751e8b465ee728b)  -> (artifact id: '1cb85714db34c954bf6408c19cf2ee60') in 0.049727 seconds
  Import took 0.074084 seconds .

========================================================================
Received Import Request.
  Time since last request: 0.003790 seconds.
  path: Assets/Scripts/BurningGhoul.cs
  artifactKey: Guid(138033b85a0d9674fb4fa32569839873) Importer(815301076,1909f56bfc062723c751e8b465ee728b)
Start importing Assets/Scripts/BurningGhoul.cs using Guid(138033b85a0d9674fb4fa32569839873) Importer(815301076,1909f56bfc062723c751e8b465ee728b)  -> (artifact id: '1cb85714db34c954bf6408c19cf2ee60') in 0.027521 seconds
  Import took 0.043601 seconds .

========================================================================
Received Prepare
Registering precompiled user dll's ...
Registered in 0.002510 seconds.
Begin MonoManager ReloadAssembly
Native extension for WindowsStandalone target not found
Refreshing native plugins compatible for Editor in 0.56 ms, found 1 plugins.
Preloading 0 native plugins for Editor in 0.00 ms.
Mono: successfully reloaded assembly
- Completed reload, in  2.098 seconds
Platform modules already initialized, skipping
Refreshing native plugins compatible for Editor in 0.79 ms, found 1 plugins.
Preloading 0 native plugins for Editor in 0.00 ms.
Unloading 1816 Unused Serialized files (Serialized files now loaded: 0)
System memory in use before: 89.6 MB.
System memory in use after: 89.6 MB.

Unloading 12 unused Assets to reduce memory usage. Loaded Objects now: 2322.
Total: 6.016100 ms (FindLiveObjects: 1.398400 ms CreateObjectMapping: 0.228200 ms MarkObjects: 4.142900 ms  DeleteObjects: 0.180800 ms)

========================================================================
Received Prepare
Registering precompiled user dll's ...
Registered in 0.001736 seconds.
Begin MonoManager ReloadAssembly
Native extension for WindowsStandalone target not found
Refreshing native plugins compatible for Editor in 1.41 ms, found 1 plugins.
Preloading 0 native plugins for Editor in 0.00 ms.
Mono: successfully reloaded assembly
- Completed reload, in  1.932 seconds
Platform modules already initialized, skipping
Refreshing native plugins compatible for Editor in 0.91 ms, found 1 plugins.
Preloading 0 native plugins for Editor in 0.00 ms.
Unloading 1816 Unused Serialized files (Serialized files now loaded: 0)
System memory in use before: 89.6 MB.
System memory in use after: 89.6 MB.

Unloading 12 unused Assets to reduce memory usage. Loaded Objects now: 2326.
Total: 3.869300 ms (FindLiveObjects: 0.534200 ms CreateObjectMapping: 0.190400 ms MarkObjects: 2.924900 ms  DeleteObjects: 0.218000 ms)

========================================================================
Received Import Request.
  Time since last request: 70.307726 seconds.
  path: Assets/Scripts/BurningGhoul.cs
  artifactKey: Guid(138033b85a0d9674fb4fa32569839873) Importer(815301076,1909f56bfc062723c751e8b465ee728b)
Start importing Assets/Scripts/BurningGhoul.cs using Guid(138033b85a0d9674fb4fa32569839873) Importer(815301076,1909f56bfc062723c751e8b465ee728b)  -> (artifact id: '2ad26486a9585f30e096754b9c8b3a2f') in 0.012552 seconds
  Import took 0.023300 seconds .

========================================================================
Received Prepare
Registering precompiled user dll's ...
Registered in 0.002207 seconds.
Begin MonoManager ReloadAssembly
Native extension for WindowsStandalone target not found
Refreshing native plugins compatible for Editor in 0.71 ms, found 1 plugins.
Preloading 0 native plugins for Editor in 0.00 ms.
Mono: successfully reloaded assembly
- Completed reload, in  2.026 seconds
Platform modules already initialized, skipping
Refreshing native plugins compatible for Editor in 0.74 ms, found 1 plugins.
Preloading 0 native plugins for Editor in 0.00 ms.
Unloading 1816 Unused Serialized files (Serialized files now loaded: 0)
System memory in use before: 89.6 MB.
System memory in use after: 89.6 MB.

Unloading 12 unused Assets to reduce memory usage. Loaded Objects now: 2330.
Total: 4.150600 ms (FindLiveObjects: 0.534400 ms CreateObjectMapping: 0.228300 ms MarkObjects: 3.213700 ms  DeleteObjects: 0.171700 ms)

========================================================================
Received Import Request.
  Time since last request: 381.723859 seconds.
  path: Assets/Animations/Enemies/burning-ghoul1.controller
  artifactKey: Guid(369aa0850bba6b3488588ffbe21a2e2b) Importer(815301076,1909f56bfc062723c751e8b465ee728b)
Start importing Assets/Animations/Enemies/burning-ghoul1.controller using Guid(369aa0850bba6b3488588ffbe21a2e2b) Importer(815301076,1909f56bfc062723c751e8b465ee728b)  -> (artifact id: 'd93500e840b9d373883830e06f6986c2') in 0.033038 seconds
  Import took 0.041034 seconds .

========================================================================
Received Import Request.
  Time since last request: 7.544643 seconds.
  path: Assets/Animations/Enemies/BurningGhoul.controller
  artifactKey: Guid(369aa0850bba6b3488588ffbe21a2e2b) Importer(815301076,1909f56bfc062723c751e8b465ee728b)
Start importing Assets/Animations/Enemies/BurningGhoul.controller using Guid(369aa0850bba6b3488588ffbe21a2e2b) Importer(815301076,1909f56bfc062723c751e8b465ee728b)  -> (artifact id: '493fb50baf3a8a4b12c688b44f50ac17') in 0.010363 seconds
  Import took 0.016412 seconds .

========================================================================
Received Import Request.
  Time since last request: 15.173232 seconds.
  path: Assets/Animations/Enemies/BurningGhoul
  artifactKey: Guid(8c158a292727ee94896bce7003994daf) Importer(815301076,1909f56bfc062723c751e8b465ee728b)
Start importing Assets/Animations/Enemies/BurningGhoul using Guid(8c158a292727ee94896bce7003994daf) Importer(815301076,1909f56bfc062723c751e8b465ee728b)  -> (artifact id: '423be41a486c10a19c718cc8cca02dee') in 0.013784 seconds
  Import took 0.024075 seconds .

========================================================================
Received Import Request.
  Time since last request: 13.677606 seconds.
  path: Assets/Animations/Enemies/Wizard
  artifactKey: Guid(86c3d386da619cd4ea3f4f01eb8c8621) Importer(815301076,1909f56bfc062723c751e8b465ee728b)
Start importing Assets/Animations/Enemies/Wizard using Guid(86c3d386da619cd4ea3f4f01eb8c8621) Importer(815301076,1909f56bfc062723c751e8b465ee728b)  -> (artifact id: 'c1dbc28f376ca5bf29c82b4b7264bdfd') in 0.049375 seconds
  Import took 0.069589 seconds .

========================================================================
Received Import Request.
  Time since last request: 168.258644 seconds.
  path: Assets/Animations/Enemies/Wizard/wizard-idle-1.controller
  artifactKey: Guid(52ddf5ef1cad85a41a05fe1b4b7a24f3) Importer(815301076,1909f56bfc062723c751e8b465ee728b)
Start importing Assets/Animations/Enemies/Wizard/wizard-idle-1.controller using Guid(52ddf5ef1cad85a41a05fe1b4b7a24f3) Importer(815301076,1909f56bfc062723c751e8b465ee728b)  -> (artifact id: '25c74924526adbc38a7553957f9f0c7a') in 0.018231 seconds
  Import took 0.028494 seconds .

========================================================================
Received Import Request.
  Time since last request: 3.385429 seconds.
  path: Assets/Animations/Enemies/Wizard/Wizard.controller
  artifactKey: Guid(52ddf5ef1cad85a41a05fe1b4b7a24f3) Importer(815301076,1909f56bfc062723c751e8b465ee728b)
Start importing Assets/Animations/Enemies/Wizard/Wizard.controller using Guid(52ddf5ef1cad85a41a05fe1b4b7a24f3) Importer(815301076,1909f56bfc062723c751e8b465ee728b)  -> (artifact id: '717606da4409ffede5cd74dc6c4a4336') in 0.037274 seconds
  Import took 0.044527 seconds .

========================================================================
Received Import Request.
  Time since last request: 27.870293 seconds.
  path: Assets/Scripts/Wizard.cs
  artifactKey: Guid(85993c89c868a88458c3d3262d8616bc) Importer(815301076,1909f56bfc062723c751e8b465ee728b)
Start importing Assets/Scripts/Wizard.cs using Guid(85993c89c868a88458c3d3262d8616bc) Importer(815301076,1909f56bfc062723c751e8b465ee728b)  -> (artifact id: '88bfa895e544aad82b3fb3ad823e4788') in 0.012449 seconds
  Import took 0.018094 seconds .

========================================================================
Received Prepare
Registering precompiled user dll's ...
Registered in 0.001821 seconds.
Begin MonoManager ReloadAssembly
Native extension for WindowsStandalone target not found
Refreshing native plugins compatible for Editor in 0.74 ms, found 1 plugins.
Preloading 0 native plugins for Editor in 0.00 ms.
Mono: successfully reloaded assembly
- Completed reload, in  2.134 seconds
Platform modules already initialized, skipping
Refreshing native plugins compatible for Editor in 0.78 ms, found 1 plugins.
Preloading 0 native plugins for Editor in 0.00 ms.
Unloading 1817 Unused Serialized files (Serialized files now loaded: 0)
System memory in use before: 89.7 MB.
System memory in use after: 89.6 MB.

Unloading 12 unused Assets to reduce memory usage. Loaded Objects now: 2335.
Total: 4.806600 ms (FindLiveObjects: 0.432800 ms CreateObjectMapping: 0.180200 ms MarkObjects: 3.966200 ms  DeleteObjects: 0.224900 ms)

========================================================================
Received Import Request.
  Time since last request: 101.783008 seconds.
  path: Assets/Scripts/Player Characters
  artifactKey: Guid(2cdecfb546548cb45a2af080bbf497d0) Importer(815301076,1909f56bfc062723c751e8b465ee728b)
Start importing Assets/Scripts/Player Characters using Guid(2cdecfb546548cb45a2af080bbf497d0) Importer(815301076,1909f56bfc062723c751e8b465ee728b)  -> (artifact id: 'd628833fcbee67f295b15cf62c8e055e') in 0.028791 seconds
  Import took 0.036997 seconds .

========================================================================
Received Import Request.
  Time since last request: 6.620576 seconds.
  path: Assets/Scripts/Enemies
  artifactKey: Guid(b1a18b97b996e304c9e1701a4be89cc1) Importer(815301076,1909f56bfc062723c751e8b465ee728b)
Start importing Assets/Scripts/Enemies using Guid(b1a18b97b996e304c9e1701a4be89cc1) Importer(815301076,1909f56bfc062723c751e8b465ee728b)  -> (artifact id: 'e3c5d7bfacb911ed2471b6e3b87dfecf') in 0.052073 seconds
  Import took 0.104572 seconds .

========================================================================
Received Prepare
Registering precompiled user dll's ...
Registered in 0.001533 seconds.
Begin MonoManager ReloadAssembly
Native extension for WindowsStandalone target not found
Refreshing native plugins compatible for Editor in 0.75 ms, found 1 plugins.
Preloading 0 native plugins for Editor in 0.00 ms.
Mono: successfully reloaded assembly
- Completed reload, in  2.189 seconds
Platform modules already initialized, skipping
Refreshing native plugins compatible for Editor in 0.80 ms, found 1 plugins.
Preloading 0 native plugins for Editor in 0.00 ms.
Unloading 1817 Unused Serialized files (Serialized files now loaded: 0)
System memory in use before: 89.7 MB.
System memory in use after: 89.7 MB.

Unloading 12 unused Assets to reduce memory usage. Loaded Objects now: 2339.
Total: 4.112300 ms (FindLiveObjects: 0.342900 ms CreateObjectMapping: 0.159600 ms MarkObjects: 3.416200 ms  DeleteObjects: 0.191100 ms)

========================================================================
Received Prepare
Registering precompiled user dll's ...
Registered in 0.003052 seconds.
Begin MonoManager ReloadAssembly
Native extension for WindowsStandalone target not found
Refreshing native plugins compatible for Editor in 0.80 ms, found 1 plugins.
Preloading 0 native plugins for Editor in 0.00 ms.
Mono: successfully reloaded assembly
- Completed reload, in  2.207 seconds
Platform modules already initialized, skipping
Refreshing native plugins compatible for Editor in 0.79 ms, found 1 plugins.
Preloading 0 native plugins for Editor in 0.00 ms.
Unloading 1817 Unused Serialized files (Serialized files now loaded: 0)
System memory in use before: 89.7 MB.
System memory in use after: 89.7 MB.

Unloading 12 unused Assets to reduce memory usage. Loaded Objects now: 2343.
Total: 4.461500 ms (FindLiveObjects: 0.352400 ms CreateObjectMapping: 0.169300 ms MarkObjects: 3.724400 ms  DeleteObjects: 0.210200 ms)

========================================================================
Received Prepare
Registering precompiled user dll's ...
Registered in 0.003703 seconds.
Begin MonoManager ReloadAssembly
Native extension for WindowsStandalone target not found
Refreshing native plugins compatible for Editor in 0.48 ms, found 1 plugins.
Preloading 0 native plugins for Editor in 0.00 ms.
Mono: successfully reloaded assembly
- Completed reload, in  2.115 seconds
Platform modules already initialized, skipping
Refreshing native plugins compatible for Editor in 0.86 ms, found 1 plugins.
Preloading 0 native plugins for Editor in 0.00 ms.
Unloading 1817 Unused Serialized files (Serialized files now loaded: 0)
System memory in use before: 89.7 MB.
System memory in use after: 89.7 MB.

Unloading 12 unused Assets to reduce memory usage. Loaded Objects now: 2347.
Total: 4.536400 ms (FindLiveObjects: 0.412300 ms CreateObjectMapping: 0.324900 ms MarkObjects: 3.587800 ms  DeleteObjects: 0.208300 ms)

========================================================================
Received Prepare
Registering precompiled user dll's ...
Registered in 0.001555 seconds.
Begin MonoManager ReloadAssembly
Native extension for WindowsStandalone target not found
Refreshing native plugins compatible for Editor in 0.90 ms, found 1 plugins.
Preloading 0 native plugins for Editor in 0.00 ms.
Mono: successfully reloaded assembly
- Completed reload, in  2.079 seconds
Platform modules already initialized, skipping
Refreshing native plugins compatible for Editor in 0.77 ms, found 1 plugins.
Preloading 0 native plugins for Editor in 0.00 ms.
Unloading 1817 Unused Serialized files (Serialized files now loaded: 0)
System memory in use before: 89.7 MB.
System memory in use after: 89.7 MB.

Unloading 12 unused Assets to reduce memory usage. Loaded Objects now: 2351.
Total: 5.246100 ms (FindLiveObjects: 1.175200 ms CreateObjectMapping: 0.180700 ms MarkObjects: 3.687400 ms  DeleteObjects: 0.199600 ms)

========================================================================
Received Prepare
Registering precompiled user dll's ...
Registered in 0.001551 seconds.
Begin MonoManager ReloadAssembly
Native extension for WindowsStandalone target not found
Refreshing native plugins compatible for Editor in 0.47 ms, found 1 plugins.
Preloading 0 native plugins for Editor in 0.00 ms.
Mono: successfully reloaded assembly
- Completed reload, in  1.887 seconds
Platform modules already initialized, skipping
Refreshing native plugins compatible for Editor in 0.79 ms, found 1 plugins.
Preloading 0 native plugins for Editor in 0.00 ms.
Unloading 1817 Unused Serialized files (Serialized files now loaded: 0)
System memory in use before: 89.7 MB.
System memory in use after: 89.7 MB.

Unloading 12 unused Assets to reduce memory usage. Loaded Objects now: 2355.
Total: 5.042700 ms (FindLiveObjects: 0.980500 ms CreateObjectMapping: 0.317600 ms MarkObjects: 3.554600 ms  DeleteObjects: 0.187500 ms)

========================================================================
Received Prepare
Registering precompiled user dll's ...
Registered in 0.002055 seconds.
Begin MonoManager ReloadAssembly
Native extension for WindowsStandalone target not found
Refreshing native plugins compatible for Editor in 0.73 ms, found 1 plugins.
Preloading 0 native plugins for Editor in 0.00 ms.
Mono: successfully reloaded assembly
- Completed reload, in  2.048 seconds
Platform modules already initialized, skipping
Refreshing native plugins compatible for Editor in 0.78 ms, found 1 plugins.
Preloading 0 native plugins for Editor in 0.00 ms.
Unloading 1817 Unused Serialized files (Serialized files now loaded: 0)
System memory in use before: 89.7 MB.
System memory in use after: 89.7 MB.

Unloading 12 unused Assets to reduce memory usage. Loaded Objects now: 2359.
Total: 4.576300 ms (FindLiveObjects: 0.389000 ms CreateObjectMapping: 0.167100 ms MarkObjects: 3.822300 ms  DeleteObjects: 0.195100 ms)

========================================================================
Received Prepare
Registering precompiled user dll's ...
Registered in 0.001903 seconds.
Begin MonoManager ReloadAssembly
Native extension for WindowsStandalone target not found
Refreshing native plugins compatible for Editor in 0.80 ms, found 1 plugins.
Preloading 0 native plugins for Editor in 0.00 ms.
Mono: successfully reloaded assembly
- Completed reload, in  2.007 seconds
Platform modules already initialized, skipping
Refreshing native plugins compatible for Editor in 0.95 ms, found 1 plugins.
Preloading 0 native plugins for Editor in 0.00 ms.
Unloading 1817 Unused Serialized files (Serialized files now loaded: 0)
System memory in use before: 89.7 MB.
System memory in use after: 89.7 MB.

Unloading 12 unused Assets to reduce memory usage. Loaded Objects now: 2363.
Total: 4.771200 ms (FindLiveObjects: 0.414600 ms CreateObjectMapping: 0.202100 ms MarkObjects: 3.959300 ms  DeleteObjects: 0.192200 ms)

========================================================================
Received Import Request.
  Time since last request: 78.866355 seconds.
  path: Assets/Scripts/Monk.cs
  artifactKey: Guid(3bf316945dff45b47bad6a35fc2a7465) Importer(815301076,1909f56bfc062723c751e8b465ee728b)
Start importing Assets/Scripts/Monk.cs using Guid(3bf316945dff45b47bad6a35fc2a7465) Importer(815301076,1909f56bfc062723c751e8b465ee728b)  -> (artifact id: '0c146dc1900155c0485fc0d68058b181') in 0.020483 seconds
  Import took 0.027549 seconds .

========================================================================
Received Prepare
Registering precompiled user dll's ...
Registered in 0.002422 seconds.
Begin MonoManager ReloadAssembly
Native extension for WindowsStandalone target not found
Refreshing native plugins compatible for Editor in 2.56 ms, found 1 plugins.
Preloading 0 native plugins for Editor in 0.00 ms.
Mono: successfully reloaded assembly
- Completed reload, in  2.012 seconds
Platform modules already initialized, skipping
Refreshing native plugins compatible for Editor in 0.74 ms, found 1 plugins.
Preloading 0 native plugins for Editor in 0.00 ms.
Unloading 1817 Unused Serialized files (Serialized files now loaded: 0)
System memory in use before: 89.7 MB.
System memory in use after: 89.7 MB.

Unloading 12 unused Assets to reduce memory usage. Loaded Objects now: 2367.
Total: 4.276000 ms (FindLiveObjects: 0.416000 ms CreateObjectMapping: 0.171000 ms MarkObjects: 3.502400 ms  DeleteObjects: 0.184200 ms)

========================================================================
Received Import Request.
  Time since last request: 9.297137 seconds.
  path: Assets/Scripts/Player Characters/Rifleman.cs
  artifactKey: Guid(f0c556b8ea659674d8da454934b7515b) Importer(815301076,1909f56bfc062723c751e8b465ee728b)
Start importing Assets/Scripts/Player Characters/Rifleman.cs using Guid(f0c556b8ea659674d8da454934b7515b) Importer(815301076,1909f56bfc062723c751e8b465ee728b)  -> (artifact id: '3ab889a1fb282620ab6438edf6febf70') in 0.102227 seconds
  Import took 0.111183 seconds .

========================================================================
Received Prepare
Registering precompiled user dll's ...
Registered in 0.002136 seconds.
Begin MonoManager ReloadAssembly
Native extension for WindowsStandalone target not found
Refreshing native plugins compatible for Editor in 0.78 ms, found 1 plugins.
Preloading 0 native plugins for Editor in 0.00 ms.
Mono: successfully reloaded assembly
- Completed reload, in  1.978 seconds
Platform modules already initialized, skipping
Refreshing native plugins compatible for Editor in 0.84 ms, found 1 plugins.
Preloading 0 native plugins for Editor in 0.00 ms.
Unloading 1817 Unused Serialized files (Serialized files now loaded: 0)
System memory in use before: 89.7 MB.
System memory in use after: 89.7 MB.

Unloading 12 unused Assets to reduce memory usage. Loaded Objects now: 2371.
Total: 4.311400 ms (FindLiveObjects: 0.577700 ms CreateObjectMapping: 0.174700 ms MarkObjects: 3.371500 ms  DeleteObjects: 0.185000 ms)

========================================================================
Received Import Request.
  Time since last request: 6.013464 seconds.
  path: Assets/Scripts/Swordsman.cs
  artifactKey: Guid(723bfcc2e35f9e44ca2b47d0e5d35d70) Importer(815301076,1909f56bfc062723c751e8b465ee728b)
Start importing Assets/Scripts/Swordsman.cs using Guid(723bfcc2e35f9e44ca2b47d0e5d35d70) Importer(815301076,1909f56bfc062723c751e8b465ee728b)  -> (artifact id: '46210e751a0114f1822e9cdd2cec5f1c') in 0.018086 seconds
  Import took 0.027325 seconds .

========================================================================
Received Prepare
Registering precompiled user dll's ...
Registered in 0.001475 seconds.
Begin MonoManager ReloadAssembly
Native extension for WindowsStandalone target not found
Refreshing native plugins compatible for Editor in 1.51 ms, found 1 plugins.
Preloading 0 native plugins for Editor in 0.00 ms.
Mono: successfully reloaded assembly
- Completed reload, in  2.413 seconds
Platform modules already initialized, skipping
Refreshing native plugins compatible for Editor in 0.86 ms, found 1 plugins.
Preloading 0 native plugins for Editor in 0.00 ms.
Unloading 1817 Unused Serialized files (Serialized files now loaded: 0)
System memory in use before: 89.7 MB.
System memory in use after: 89.7 MB.

Unloading 12 unused Assets to reduce memory usage. Loaded Objects now: 2375.
Total: 5.025500 ms (FindLiveObjects: 0.387500 ms CreateObjectMapping: 0.169000 ms MarkObjects: 4.246500 ms  DeleteObjects: 0.219900 ms)

========================================================================
Received Import Request.
  Time since last request: 579.983182 seconds.
  path: Assets/Animation Controllers/Enemies/Wizard.controller
  artifactKey: Guid(52ddf5ef1cad85a41a05fe1b4b7a24f3) Importer(815301076,1909f56bfc062723c751e8b465ee728b)
Start importing Assets/Animation Controllers/Enemies/Wizard.controller using Guid(52ddf5ef1cad85a41a05fe1b4b7a24f3) Importer(815301076,1909f56bfc062723c751e8b465ee728b)  -> (artifact id: 'a4c9d76bcf7ea426dfa2a698acb01ea9') in 0.184635 seconds
  Import took 0.192944 seconds .

========================================================================
Received Prepare
Registering precompiled user dll's ...
Registered in 0.002014 seconds.
Begin MonoManager ReloadAssembly
Native extension for WindowsStandalone target not found
Refreshing native plugins compatible for Editor in 0.88 ms, found 1 plugins.
Preloading 0 native plugins for Editor in 0.00 ms.
Mono: successfully reloaded assembly
- Completed reload, in  1.968 seconds
Platform modules already initialized, skipping
Refreshing native plugins compatible for Editor in 0.70 ms, found 1 plugins.
Preloading 0 native plugins for Editor in 0.00 ms.
Unloading 1817 Unused Serialized files (Serialized files now loaded: 0)
System memory in use before: 89.8 MB.
System memory in use after: 89.7 MB.

Unloading 12 unused Assets to reduce memory usage. Loaded Objects now: 2379.
Total: 5.315200 ms (FindLiveObjects: 0.388900 ms CreateObjectMapping: 0.190100 ms MarkObjects: 4.533600 ms  DeleteObjects: 0.200500 ms)

========================================================================
Received Import Request.
  Time since last request: 22.894264 seconds.
  path: Assets/Animations/Enemies/Wizard/WizardFire.anim
  artifactKey: Guid(8e4c38fbe4122b942ac3e62cd09aa262) Importer(815301076,1909f56bfc062723c751e8b465ee728b)
Start importing Assets/Animations/Enemies/Wizard/WizardFire.anim using Guid(8e4c38fbe4122b942ac3e62cd09aa262) Importer(815301076,1909f56bfc062723c751e8b465ee728b)  -> (artifact id: 'e53d42e5c902ba6f7befef81c32a9a97') in 0.053588 seconds
  Import took 0.063153 seconds .

========================================================================
Received Prepare
Registering precompiled user dll's ...
Registered in 0.001976 seconds.
Begin MonoManager ReloadAssembly
Native extension for WindowsStandalone target not found
Refreshing native plugins compatible for Editor in 0.83 ms, found 1 plugins.
Preloading 0 native plugins for Editor in 0.00 ms.
Mono: successfully reloaded assembly
- Completed reload, in  1.705 seconds
Platform modules already initialized, skipping
Refreshing native plugins compatible for Editor in 0.80 ms, found 1 plugins.
Preloading 0 native plugins for Editor in 0.00 ms.
Unloading 1817 Unused Serialized files (Serialized files now loaded: 0)
System memory in use before: 89.8 MB.
System memory in use after: 89.7 MB.

Unloading 12 unused Assets to reduce memory usage. Loaded Objects now: 2383.
Total: 4.539600 ms (FindLiveObjects: 0.402000 ms CreateObjectMapping: 0.161900 ms MarkObjects: 3.791100 ms  DeleteObjects: 0.182000 ms)

========================================================================
Received Prepare
Registering precompiled user dll's ...
Registered in 0.001791 seconds.
Begin MonoManager ReloadAssembly
Native extension for WindowsStandalone target not found
Refreshing native plugins compatible for Editor in 0.77 ms, found 1 plugins.
Preloading 0 native plugins for Editor in 0.00 ms.
Mono: successfully reloaded assembly
- Completed reload, in  2.052 seconds
Platform modules already initialized, skipping
Refreshing native plugins compatible for Editor in 0.86 ms, found 1 plugins.
Preloading 0 native plugins for Editor in 0.00 ms.
Unloading 1817 Unused Serialized files (Serialized files now loaded: 0)
System memory in use before: 89.8 MB.
System memory in use after: 89.7 MB.

Unloading 12 unused Assets to reduce memory usage. Loaded Objects now: 2387.
Total: 4.867000 ms (FindLiveObjects: 1.027600 ms CreateObjectMapping: 0.155600 ms MarkObjects: 3.474200 ms  DeleteObjects: 0.206800 ms)

