Using pre-set license
Built from '2020.3/release' branch; Version is '2020.3.7f1 (dd97f2c94397) revision 14522354'; Using compiler version '192528614'; Build Type 'Release'
OS: 'Windows 10 Home; OS build 19043.1348; Version 2009; 64bit' Language: 'en' Physical Memory: 8007 MB
BatchMode: 1, IsHumanControllingUs: 0, StartBugReporterOnCrash: 0, Is64bit: 1, IsPro: 0

 COMMAND LINE ARGUMENTS:
C:\Program Files\Unity\Hub\Editor\2020.3.7f1\Editor\Unity.exe
-adb2
-batchMode
-noUpm
-name
AssetImportWorker1
-projectPath
C:/Users/Gary/Documents/GitHub/Programming-Theory-Repo/ProgrammingTheoryProject
-logFile
Logs/AssetImportWorker1.log
-srvPort
64165
Successfully changed project path to: C:/Users/Gary/Documents/GitHub/Programming-Theory-Repo/ProgrammingTheoryProject
C:/Users/Gary/Documents/GitHub/Programming-Theory-Repo/ProgrammingTheoryProject
Using Asset Import Pipeline V2.
Refreshing native plugins compatible for Editor in 129.72 ms, found 1 plugins.
Preloading 0 native plugins for Editor in 0.00 ms.
Initialize engine version: 2020.3.7f1 (dd97f2c94397)
[Subsystems] Discovering subsystems at path C:/Program Files/Unity/Hub/Editor/2020.3.7f1/Editor/Data/Resources/UnitySubsystems
[Subsystems] Discovering subsystems at path C:/Users/Gary/Documents/GitHub/Programming-Theory-Repo/ProgrammingTheoryProject/Assets
GfxDevice: creating device client; threaded=0
Direct3D:
    Version:  Direct3D 11.0 [level 11.1]
    Renderer: Intel(R) HD Graphics 620 (ID=0x5916)
    Vendor:   
    VRAM:     4003 MB
    Driver:   22.20.16.4836
Initialize mono
Mono path[0] = 'C:/Program Files/Unity/Hub/Editor/2020.3.7f1/Editor/Data/Managed'
Mono path[1] = 'C:/Program Files/Unity/Hub/Editor/2020.3.7f1/Editor/Data/MonoBleedingEdge/lib/mono/unityjit'
Mono config path = 'C:/Program Files/Unity/Hub/Editor/2020.3.7f1/Editor/Data/MonoBleedingEdge/etc'
Using monoOptions --debugger-agent=transport=dt_socket,embedding=1,server=y,suspend=n,address=127.0.0.1:56976
Begin MonoManager ReloadAssembly
Registering precompiled unity dll's ...
Register platform support module: C:/Program Files/Unity/Hub/Editor/2020.3.7f1/Editor/Data/PlaybackEngines/WindowsStandaloneSupport/UnityEditor.WindowsStandalone.Extensions.dll
Registered in 0.061646 seconds.
Native extension for WindowsStandalone target not found
Refreshing native plugins compatible for Editor in 955.23 ms, found 1 plugins.
Preloading 0 native plugins for Editor in 0.00 ms.
Mono: successfully reloaded assembly
- Completed reload, in 10.156 seconds
Platform modules already initialized, skipping
Registering precompiled user dll's ...
Registered in 0.019020 seconds.
Begin MonoManager ReloadAssembly
Native extension for WindowsStandalone target not found
Refreshing native plugins compatible for Editor in 148.85 ms, found 1 plugins.
Preloading 0 native plugins for Editor in 0.00 ms.
Mono: successfully reloaded assembly
- Completed reload, in  3.948 seconds
Platform modules already initialized, skipping
========================================================================
Worker process is ready to serve import requests
Launched and connected shader compiler UnityShaderCompiler.exe after 0.10 seconds
Refreshing native plugins compatible for Editor in 1.12 ms, found 1 plugins.
Preloading 0 native plugins for Editor in 0.00 ms.
Unloading 1814 Unused Serialized files (Serialized files now loaded: 0)
System memory in use before: 86.3 MB.
System memory in use after: 86.2 MB.

Unloading 24 unused Assets to reduce memory usage. Loaded Objects now: 2258.
Total: 4.577500 ms (FindLiveObjects: 0.367600 ms CreateObjectMapping: 0.164200 ms MarkObjects: 3.808200 ms  DeleteObjects: 0.235000 ms)

========================================================================
Received Import Request.
  path: Assets/Scripts/Rifleman.cs
  artifactKey: Guid(f0c556b8ea659674d8da454934b7515b) Importer(815301076,1909f56bfc062723c751e8b465ee728b)
Start importing Assets/Scripts/Rifleman.cs using Guid(f0c556b8ea659674d8da454934b7515b) Importer(815301076,1909f56bfc062723c751e8b465ee728b)  -> (artifact id: 'b772f05439f53993a309d3022a1f5d6b') in 0.083194 seconds
  Import took 0.091947 seconds .

========================================================================
Received Prepare
Registering precompiled user dll's ...
Registered in 0.002439 seconds.
Begin MonoManager ReloadAssembly
Native extension for WindowsStandalone target not found
Refreshing native plugins compatible for Editor in 0.86 ms, found 1 plugins.
Preloading 0 native plugins for Editor in 0.00 ms.
Mono: successfully reloaded assembly
- Completed reload, in  2.119 seconds
Platform modules already initialized, skipping
Refreshing native plugins compatible for Editor in 0.78 ms, found 1 plugins.
Preloading 0 native plugins for Editor in 0.00 ms.
Unloading 1809 Unused Serialized files (Serialized files now loaded: 0)
System memory in use before: 86.2 MB.
System memory in use after: 86.2 MB.

Unloading 12 unused Assets to reduce memory usage. Loaded Objects now: 2262.
Total: 4.448500 ms (FindLiveObjects: 0.306900 ms CreateObjectMapping: 0.119400 ms MarkObjects: 3.836400 ms  DeleteObjects: 0.183300 ms)

========================================================================
Received Prepare
Registering precompiled user dll's ...
Registered in 0.005079 seconds.
Begin MonoManager ReloadAssembly
Native extension for WindowsStandalone target not found
Refreshing native plugins compatible for Editor in 0.50 ms, found 1 plugins.
Preloading 0 native plugins for Editor in 0.00 ms.
Mono: successfully reloaded assembly
- Completed reload, in  2.038 seconds
Platform modules already initialized, skipping
Refreshing native plugins compatible for Editor in 0.78 ms, found 1 plugins.
Preloading 0 native plugins for Editor in 0.00 ms.
Unloading 1809 Unused Serialized files (Serialized files now loaded: 0)
System memory in use before: 86.3 MB.
System memory in use after: 86.2 MB.

Unloading 12 unused Assets to reduce memory usage. Loaded Objects now: 2266.
Total: 4.691400 ms (FindLiveObjects: 0.343300 ms CreateObjectMapping: 0.134000 ms MarkObjects: 3.986100 ms  DeleteObjects: 0.225600 ms)

========================================================================
Received Import Request.
  Time since last request: 104.641965 seconds.
  path: Assets/Scripts/Rifleman.cs
  artifactKey: Guid(f0c556b8ea659674d8da454934b7515b) Importer(815301076,1909f56bfc062723c751e8b465ee728b)
Start importing Assets/Scripts/Rifleman.cs using Guid(f0c556b8ea659674d8da454934b7515b) Importer(815301076,1909f56bfc062723c751e8b465ee728b)  -> (artifact id: '521eb82b691f0e6e3c4ec3317ed63955') in 0.013471 seconds
  Import took 0.022027 seconds .

========================================================================
Received Prepare
Registering precompiled user dll's ...
Registered in 0.001658 seconds.
Begin MonoManager ReloadAssembly
Native extension for WindowsStandalone target not found
Refreshing native plugins compatible for Editor in 0.73 ms, found 1 plugins.
Preloading 0 native plugins for Editor in 0.00 ms.
Mono: successfully reloaded assembly
- Completed reload, in  1.911 seconds
Platform modules already initialized, skipping
Refreshing native plugins compatible for Editor in 0.75 ms, found 1 plugins.
Preloading 0 native plugins for Editor in 0.00 ms.
Unloading 1809 Unused Serialized files (Serialized files now loaded: 0)
System memory in use before: 86.3 MB.
System memory in use after: 86.3 MB.

Unloading 12 unused Assets to reduce memory usage. Loaded Objects now: 2270.
Total: 4.722700 ms (FindLiveObjects: 0.712300 ms CreateObjectMapping: 0.197000 ms MarkObjects: 3.634600 ms  DeleteObjects: 0.175800 ms)

========================================================================
Received Import Request.
  Time since last request: 362.139623 seconds.
  path: Assets/Scripts/Rifleman.cs
  artifactKey: Guid(f0c556b8ea659674d8da454934b7515b) Importer(815301076,1909f56bfc062723c751e8b465ee728b)
Start importing Assets/Scripts/Rifleman.cs using Guid(f0c556b8ea659674d8da454934b7515b) Importer(815301076,1909f56bfc062723c751e8b465ee728b)  -> (artifact id: 'ec2d5ddb0feac85d40f18541f5e751b3') in 0.014986 seconds
  Import took 0.021770 seconds .

========================================================================
Received Prepare
Registering precompiled user dll's ...
Registered in 0.010727 seconds.
Begin MonoManager ReloadAssembly
Native extension for WindowsStandalone target not found
Refreshing native plugins compatible for Editor in 0.80 ms, found 1 plugins.
Preloading 0 native plugins for Editor in 0.00 ms.
Mono: successfully reloaded assembly
- Completed reload, in  2.272 seconds
Platform modules already initialized, skipping
Refreshing native plugins compatible for Editor in 0.80 ms, found 1 plugins.
Preloading 0 native plugins for Editor in 0.00 ms.
Unloading 1809 Unused Serialized files (Serialized files now loaded: 0)
System memory in use before: 86.3 MB.
System memory in use after: 86.3 MB.

Unloading 12 unused Assets to reduce memory usage. Loaded Objects now: 2274.
Total: 4.391400 ms (FindLiveObjects: 0.414200 ms CreateObjectMapping: 0.179200 ms MarkObjects: 3.604100 ms  DeleteObjects: 0.191700 ms)

========================================================================
Received Import Request.
  Time since last request: 72.558443 seconds.
  path: Assets/Scripts/Rifleman.cs
  artifactKey: Guid(f0c556b8ea659674d8da454934b7515b) Importer(815301076,1909f56bfc062723c751e8b465ee728b)
Start importing Assets/Scripts/Rifleman.cs using Guid(f0c556b8ea659674d8da454934b7515b) Importer(815301076,1909f56bfc062723c751e8b465ee728b)  -> (artifact id: '285e44332985b6415d8fc1af011a6fbf') in 0.013427 seconds
  Import took 0.022758 seconds .

========================================================================
Received Import Request.
  Time since last request: 0.000486 seconds.
  path: Assets/Prefabs/Rifleman.prefab
  artifactKey: Guid(4b922186b1ed3e644828bc549a16bb17) Importer(815301076,1909f56bfc062723c751e8b465ee728b)
Start importing Assets/Prefabs/Rifleman.prefab using Guid(4b922186b1ed3e644828bc549a16bb17) Importer(815301076,1909f56bfc062723c751e8b465ee728b)  -> (artifact id: '89ec3f3975ba8a6641e920fee8249421') in 0.259886 seconds
  Import took 0.266948 seconds .

========================================================================
Received Import Request.
  Time since last request: 5.845474 seconds.
  path: Assets/Prefabs/Rifleman.prefab
  artifactKey: Guid(4b922186b1ed3e644828bc549a16bb17) Importer(815301076,1909f56bfc062723c751e8b465ee728b)
Start importing Assets/Prefabs/Rifleman.prefab using Guid(4b922186b1ed3e644828bc549a16bb17) Importer(815301076,1909f56bfc062723c751e8b465ee728b)  -> (artifact id: '08651bc61a13b94eb6ce733c04d616b6') in 0.048688 seconds
  Import took 0.075318 seconds .

========================================================================
Received Prepare
Registering precompiled user dll's ...
Registered in 0.002229 seconds.
Begin MonoManager ReloadAssembly
Native extension for WindowsStandalone target not found
Refreshing native plugins compatible for Editor in 0.61 ms, found 1 plugins.
Preloading 0 native plugins for Editor in 0.00 ms.
Mono: successfully reloaded assembly
- Completed reload, in  2.057 seconds
Platform modules already initialized, skipping
Refreshing native plugins compatible for Editor in 0.83 ms, found 1 plugins.
Preloading 0 native plugins for Editor in 0.00 ms.
Unloading 1809 Unused Serialized files (Serialized files now loaded: 0)
System memory in use before: 89.5 MB.
System memory in use after: 89.4 MB.

Unloading 12 unused Assets to reduce memory usage. Loaded Objects now: 2285.
Total: 5.442200 ms (FindLiveObjects: 0.489400 ms CreateObjectMapping: 0.189100 ms MarkObjects: 4.571600 ms  DeleteObjects: 0.189500 ms)

========================================================================
Received Prepare
Registering precompiled user dll's ...
Registered in 0.001945 seconds.
Begin MonoManager ReloadAssembly
Native extension for WindowsStandalone target not found
Refreshing native plugins compatible for Editor in 1.02 ms, found 1 plugins.
Preloading 0 native plugins for Editor in 0.00 ms.
Mono: successfully reloaded assembly
- Completed reload, in  2.390 seconds
Platform modules already initialized, skipping
Refreshing native plugins compatible for Editor in 0.79 ms, found 1 plugins.
Preloading 0 native plugins for Editor in 0.00 ms.
Unloading 1809 Unused Serialized files (Serialized files now loaded: 0)
System memory in use before: 89.5 MB.
System memory in use after: 89.4 MB.

Unloading 12 unused Assets to reduce memory usage. Loaded Objects now: 2289.
Total: 12.247900 ms (FindLiveObjects: 0.378400 ms CreateObjectMapping: 0.159800 ms MarkObjects: 11.507500 ms  DeleteObjects: 0.199200 ms)

AssetImportWorkerClient::OnTransportError - code=2 error=End of file
