Using pre-set license
Built from '2020.3/release' branch; Version is '2020.3.7f1 (dd97f2c94397) revision 14522354'; Using compiler version '192528614'; Build Type 'Release'
OS: 'Windows 10 Home; OS build 19043.1288; Version 2009; 64bit' Language: 'en' Physical Memory: 8007 MB
BatchMode: 1, IsHumanControllingUs: 0, StartBugReporterOnCrash: 0, Is64bit: 1, IsPro: 0

 COMMAND LINE ARGUMENTS:
C:\Program Files\Unity\Hub\Editor\2020.3.7f1\Editor\Unity.exe
-adb2
-batchMode
-noUpm
-name
AssetImportWorker0
-projectPath
C:/Users/Gary/Documents/GitHub/Programming-Theory-Repo/ProgrammingTheoryProject
-logFile
Logs/AssetImportWorker0.log
-srvPort
50079
Successfully changed project path to: C:/Users/Gary/Documents/GitHub/Programming-Theory-Repo/ProgrammingTheoryProject
C:/Users/Gary/Documents/GitHub/Programming-Theory-Repo/ProgrammingTheoryProject
Using Asset Import Pipeline V2.
Refreshing native plugins compatible for Editor in 63.33 ms, found 1 plugins.
Preloading 0 native plugins for Editor in 0.00 ms.
Initialize engine version: 2020.3.7f1 (dd97f2c94397)
[Subsystems] Discovering subsystems at path C:/Program Files/Unity/Hub/Editor/2020.3.7f1/Editor/Data/Resources/UnitySubsystems
[Subsystems] Discovering subsystems at path C:/Users/Gary/Documents/GitHub/Programming-Theory-Repo/ProgrammingTheoryProject/Assets
GfxDevice: creating device client; threaded=0
Direct3D:
    Version:  Direct3D 11.0 [level 11.1]
    Renderer: Intel(R) HD Graphics 620 (ID=0x5916)
    Vendor:   
    VRAM:     4003 MB
    Driver:   22.20.16.4836
Initialize mono
Mono path[0] = 'C:/Program Files/Unity/Hub/Editor/2020.3.7f1/Editor/Data/Managed'
Mono path[1] = 'C:/Program Files/Unity/Hub/Editor/2020.3.7f1/Editor/Data/MonoBleedingEdge/lib/mono/unityjit'
Mono config path = 'C:/Program Files/Unity/Hub/Editor/2020.3.7f1/Editor/Data/MonoBleedingEdge/etc'
Using monoOptions --debugger-agent=transport=dt_socket,embedding=1,server=y,suspend=n,address=127.0.0.1:56456
Begin MonoManager ReloadAssembly
Registering precompiled unity dll's ...
Register platform support module: C:/Program Files/Unity/Hub/Editor/2020.3.7f1/Editor/Data/PlaybackEngines/WindowsStandaloneSupport/UnityEditor.WindowsStandalone.Extensions.dll
Registered in 0.007639 seconds.
Native extension for WindowsStandalone target not found
Refreshing native plugins compatible for Editor in 87.63 ms, found 1 plugins.
Preloading 0 native plugins for Editor in 0.00 ms.
Mono: successfully reloaded assembly
- Completed reload, in  2.542 seconds
Platform modules already initialized, skipping
Registering precompiled user dll's ...
Registered in 0.003119 seconds.
Begin MonoManager ReloadAssembly
Native extension for WindowsStandalone target not found
Refreshing native plugins compatible for Editor in 134.99 ms, found 1 plugins.
Preloading 0 native plugins for Editor in 0.00 ms.
Mono: successfully reloaded assembly
- Completed reload, in  2.001 seconds
Platform modules already initialized, skipping
========================================================================
Worker process is ready to serve import requests
Launched and connected shader compiler UnityShaderCompiler.exe after 0.08 seconds
Refreshing native plugins compatible for Editor in 0.59 ms, found 1 plugins.
Preloading 0 native plugins for Editor in 0.00 ms.
Unloading 1808 Unused Serialized files (Serialized files now loaded: 0)
System memory in use before: 85.4 MB.
System memory in use after: 85.4 MB.

Unloading 24 unused Assets to reduce memory usage. Loaded Objects now: 2250.
Total: 4.003700 ms (FindLiveObjects: 0.299500 ms CreateObjectMapping: 0.126000 ms MarkObjects: 3.386900 ms  DeleteObjects: 0.188900 ms)

========================================================================
Received Import Request.
  path: Assets/Scenes
  artifactKey: Guid(12b5e1a5593cdd446a8c4bc3dd20aaed) Importer(815301076,1909f56bfc062723c751e8b465ee728b)
Start importing Assets/Scenes using Guid(12b5e1a5593cdd446a8c4bc3dd20aaed) Importer(815301076,1909f56bfc062723c751e8b465ee728b)  -> (artifact id: '550ad72a3d63a1b82ac8c4cd3169acf6') in 0.026046 seconds
  Import took 0.034330 seconds .

========================================================================
Received Import Request.
  Time since last request: 0.750710 seconds.
  path: Assets/Scenes/TitleScreen.unity
  artifactKey: Guid(44ba9f70755bd52408d23317d3c8c3e8) Importer(815301076,1909f56bfc062723c751e8b465ee728b)
Start importing Assets/Scenes/TitleScreen.unity using Guid(44ba9f70755bd52408d23317d3c8c3e8) Importer(815301076,1909f56bfc062723c751e8b465ee728b)  -> (artifact id: '4a0e97ab980cb08999289f31b34a1fd4') in 0.032402 seconds
  Import took 0.039998 seconds .

========================================================================
Received Import Request.
  Time since last request: 185.145106 seconds.
  path: Assets
  artifactKey: Guid(00000000000000001000000000000000) Importer(815301076,1909f56bfc062723c751e8b465ee728b)
Start importing Assets using Guid(00000000000000001000000000000000) Importer(815301076,1909f56bfc062723c751e8b465ee728b)  -> (artifact id: '5f6a1853b736837ecfb0820a881449cb') in 0.045690 seconds
  Import took 0.057381 seconds .

========================================================================
Received Import Request.
  Time since last request: 4.419922 seconds.
  path: Assets/Scripts
  artifactKey: Guid(5c459830bee47ec40a4f809f9ecfe689) Importer(815301076,1909f56bfc062723c751e8b465ee728b)
Start importing Assets/Scripts using Guid(5c459830bee47ec40a4f809f9ecfe689) Importer(815301076,1909f56bfc062723c751e8b465ee728b)  -> (artifact id: 'c6d3d8e08beeccf59d7ad4d5cd1911da') in 0.020183 seconds
  Import took 0.025654 seconds .

========================================================================
Received Import Request.
  Time since last request: 11.275212 seconds.
  path: Assets/Scripts/TitleScreenUIHandler.cs
  artifactKey: Guid(bedc80e936111174088dd774d782dafe) Importer(815301076,1909f56bfc062723c751e8b465ee728b)
Start importing Assets/Scripts/TitleScreenUIHandler.cs using Guid(bedc80e936111174088dd774d782dafe) Importer(815301076,1909f56bfc062723c751e8b465ee728b)  -> (artifact id: '858baf03a9aa6fa8659f5e546bbeb961') in 0.086628 seconds
  Import took 0.092801 seconds .

========================================================================
Received Prepare
Registering precompiled user dll's ...
Registered in 0.001592 seconds.
Begin MonoManager ReloadAssembly
Native extension for WindowsStandalone target not found
Refreshing native plugins compatible for Editor in 0.45 ms, found 1 plugins.
Preloading 0 native plugins for Editor in 0.00 ms.
Mono: successfully reloaded assembly
- Completed reload, in  1.852 seconds
Platform modules already initialized, skipping
Refreshing native plugins compatible for Editor in 0.65 ms, found 1 plugins.
Preloading 0 native plugins for Editor in 0.00 ms.
Unloading 1804 Unused Serialized files (Serialized files now loaded: 0)
System memory in use before: 85.4 MB.
System memory in use after: 85.4 MB.

Unloading 12 unused Assets to reduce memory usage. Loaded Objects now: 2255.
Total: 4.592600 ms (FindLiveObjects: 0.993200 ms CreateObjectMapping: 0.177900 ms MarkObjects: 3.277200 ms  DeleteObjects: 0.141900 ms)

========================================================================
Received Prepare
Registering precompiled user dll's ...
Registered in 0.002465 seconds.
Begin MonoManager ReloadAssembly
Native extension for WindowsStandalone target not found
Refreshing native plugins compatible for Editor in 0.41 ms, found 1 plugins.
Preloading 0 native plugins for Editor in 0.00 ms.
Mono: successfully reloaded assembly
- Completed reload, in  2.005 seconds
Platform modules already initialized, skipping
Refreshing native plugins compatible for Editor in 1.08 ms, found 1 plugins.
Preloading 0 native plugins for Editor in 0.00 ms.
Unloading 1804 Unused Serialized files (Serialized files now loaded: 0)
System memory in use before: 85.4 MB.
System memory in use after: 85.4 MB.

Unloading 12 unused Assets to reduce memory usage. Loaded Objects now: 2259.
Total: 4.625700 ms (FindLiveObjects: 0.389300 ms CreateObjectMapping: 0.201700 ms MarkObjects: 3.877600 ms  DeleteObjects: 0.154800 ms)

========================================================================
Received Import Request.
  Time since last request: 504.472394 seconds.
  path: Assets/Scripts/TitleScreenUIHandler.cs
  artifactKey: Guid(bedc80e936111174088dd774d782dafe) Importer(815301076,1909f56bfc062723c751e8b465ee728b)
Start importing Assets/Scripts/TitleScreenUIHandler.cs using Guid(bedc80e936111174088dd774d782dafe) Importer(815301076,1909f56bfc062723c751e8b465ee728b)  -> (artifact id: '883c4526e1b04e2f1c0dae6ccb19af1d') in 0.012189 seconds
  Import took 0.019754 seconds .

========================================================================
Received Prepare
Registering precompiled user dll's ...
Registered in 0.001862 seconds.
Begin MonoManager ReloadAssembly
Native extension for WindowsStandalone target not found
Refreshing native plugins compatible for Editor in 0.55 ms, found 1 plugins.
Preloading 0 native plugins for Editor in 0.00 ms.
Mono: successfully reloaded assembly
- Completed reload, in  2.030 seconds
Platform modules already initialized, skipping
Refreshing native plugins compatible for Editor in 1.01 ms, found 1 plugins.
Preloading 0 native plugins for Editor in 0.01 ms.
Unloading 1804 Unused Serialized files (Serialized files now loaded: 0)
System memory in use before: 85.5 MB.
System memory in use after: 85.4 MB.

Unloading 12 unused Assets to reduce memory usage. Loaded Objects now: 2263.
Total: 4.504300 ms (FindLiveObjects: 0.389000 ms CreateObjectMapping: 0.193400 ms MarkObjects: 3.714200 ms  DeleteObjects: 0.204900 ms)

AssetImportWorkerClient::OnTransportError - code=2 error=End of file
