Using pre-set license
Built from '2020.3/release' branch; Version is '2020.3.7f1 (dd97f2c94397) revision 14522354'; Using compiler version '192528614'; Build Type 'Release'
OS: 'Windows 10 Home; OS build 19043.1348; Version 2009; 64bit' Language: 'en' Physical Memory: 8007 MB
BatchMode: 1, IsHumanControllingUs: 0, StartBugReporterOnCrash: 0, Is64bit: 1, IsPro: 0

 COMMAND LINE ARGUMENTS:
C:\Program Files\Unity\Hub\Editor\2020.3.7f1\Editor\Unity.exe
-adb2
-batchMode
-noUpm
-name
AssetImportWorker2
-projectPath
C:/Users/Gary/Documents/GitHub/Programming-Theory-Repo/ProgrammingTheoryProject
-logFile
Logs/AssetImportWorker2.log
-srvPort
64833
Successfully changed project path to: C:/Users/Gary/Documents/GitHub/Programming-Theory-Repo/ProgrammingTheoryProject
C:/Users/Gary/Documents/GitHub/Programming-Theory-Repo/ProgrammingTheoryProject
Using Asset Import Pipeline V2.
Refreshing native plugins compatible for Editor in 107.65 ms, found 1 plugins.
Preloading 0 native plugins for Editor in 0.00 ms.
Initialize engine version: 2020.3.7f1 (dd97f2c94397)
[Subsystems] Discovering subsystems at path C:/Program Files/Unity/Hub/Editor/2020.3.7f1/Editor/Data/Resources/UnitySubsystems
[Subsystems] Discovering subsystems at path C:/Users/Gary/Documents/GitHub/Programming-Theory-Repo/ProgrammingTheoryProject/Assets
GfxDevice: creating device client; threaded=0
Direct3D:
    Version:  Direct3D 11.0 [level 11.1]
    Renderer: Intel(R) HD Graphics 620 (ID=0x5916)
    Vendor:   
    VRAM:     4003 MB
    Driver:   22.20.16.4836
Initialize mono
Mono path[0] = 'C:/Program Files/Unity/Hub/Editor/2020.3.7f1/Editor/Data/Managed'
Mono path[1] = 'C:/Program Files/Unity/Hub/Editor/2020.3.7f1/Editor/Data/MonoBleedingEdge/lib/mono/unityjit'
Mono config path = 'C:/Program Files/Unity/Hub/Editor/2020.3.7f1/Editor/Data/MonoBleedingEdge/etc'
Using monoOptions --debugger-agent=transport=dt_socket,embedding=1,server=y,suspend=n,address=127.0.0.1:56900
Begin MonoManager ReloadAssembly
Registering precompiled unity dll's ...
Register platform support module: C:/Program Files/Unity/Hub/Editor/2020.3.7f1/Editor/Data/PlaybackEngines/WindowsStandaloneSupport/UnityEditor.WindowsStandalone.Extensions.dll
Registered in 0.003034 seconds.
Native extension for WindowsStandalone target not found
Refreshing native plugins compatible for Editor in 85.35 ms, found 1 plugins.
Preloading 0 native plugins for Editor in 0.00 ms.
Mono: successfully reloaded assembly
- Completed reload, in  1.808 seconds
Platform modules already initialized, skipping
Registering precompiled user dll's ...
Registered in 0.001648 seconds.
Begin MonoManager ReloadAssembly
Native extension for WindowsStandalone target not found
Refreshing native plugins compatible for Editor in 110.27 ms, found 1 plugins.
Preloading 0 native plugins for Editor in 0.00 ms.
Mono: successfully reloaded assembly
- Completed reload, in  5.575 seconds
Platform modules already initialized, skipping
========================================================================
Worker process is ready to serve import requests
Launched and connected shader compiler UnityShaderCompiler.exe after 0.13 seconds
Refreshing native plugins compatible for Editor in 0.75 ms, found 1 plugins.
Preloading 0 native plugins for Editor in 0.00 ms.
Unloading 1814 Unused Serialized files (Serialized files now loaded: 0)
System memory in use before: 86.0 MB.
System memory in use after: 85.9 MB.

Unloading 24 unused Assets to reduce memory usage. Loaded Objects now: 2258.
Total: 9.155300 ms (FindLiveObjects: 0.340200 ms CreateObjectMapping: 0.143300 ms MarkObjects: 8.448800 ms  DeleteObjects: 0.220600 ms)

========================================================================
Received Import Request.
  path: Assets/Scripts/Rifleman.cs
  artifactKey: Guid(f0c556b8ea659674d8da454934b7515b) Importer(815301076,1909f56bfc062723c751e8b465ee728b)
Start importing Assets/Scripts/Rifleman.cs using Guid(f0c556b8ea659674d8da454934b7515b) Importer(815301076,1909f56bfc062723c751e8b465ee728b)  -> (artifact id: '4865a586d2b620ac5a11e76cf877de34') in 0.091524 seconds
  Import took 0.098778 seconds .

========================================================================
Received Prepare
Refreshing native plugins compatible for Editor in 3.58 ms, found 1 plugins.
Preloading 0 native plugins for Editor in 0.00 ms.
Unloading 10 Unused Serialized files (Serialized files now loaded: 0)
System memory in use before: 49.6 MB.
System memory in use after: 49.5 MB.

Unloading 10 unused Assets to reduce memory usage. Loaded Objects now: 2258.
Total: 3.646300 ms (FindLiveObjects: 0.314700 ms CreateObjectMapping: 0.140800 ms MarkObjects: 3.035400 ms  DeleteObjects: 0.153300 ms)

========================================================================
Received Import Request.
  Time since last request: 8.598956 seconds.
  path: Assets/Scripts/Rifleman.cs
  artifactKey: Guid(f0c556b8ea659674d8da454934b7515b) Importer(815301076,1909f56bfc062723c751e8b465ee728b)
Start importing Assets/Scripts/Rifleman.cs using Guid(f0c556b8ea659674d8da454934b7515b) Importer(815301076,1909f56bfc062723c751e8b465ee728b)  -> (artifact id: '9189be3141ebc201b47ccf7f5845e726') in 0.005195 seconds
  Import took 0.009551 seconds .

========================================================================
Received Import Request.
  Time since last request: 27.420124 seconds.
  path: Assets/Scripts/Rifleman.cs
  artifactKey: Guid(f0c556b8ea659674d8da454934b7515b) Importer(815301076,1909f56bfc062723c751e8b465ee728b)
Start importing Assets/Scripts/Rifleman.cs using Guid(f0c556b8ea659674d8da454934b7515b) Importer(815301076,1909f56bfc062723c751e8b465ee728b)  -> (artifact id: 'db973a034fc3320374d4592a33256953') in 0.008008 seconds
  Import took 0.013995 seconds .

========================================================================
Received Import Request.
  Time since last request: 0.006067 seconds.
  path: Assets/Scripts/Rifleman.cs
  artifactKey: Guid(f0c556b8ea659674d8da454934b7515b) Importer(815301076,1909f56bfc062723c751e8b465ee728b)
Start importing Assets/Scripts/Rifleman.cs using Guid(f0c556b8ea659674d8da454934b7515b) Importer(815301076,1909f56bfc062723c751e8b465ee728b)  -> (artifact id: 'db973a034fc3320374d4592a33256953') in 0.006340 seconds
  Import took 0.012712 seconds .

========================================================================
Received Prepare
Registering precompiled user dll's ...
Registered in 0.001309 seconds.
Begin MonoManager ReloadAssembly
Native extension for WindowsStandalone target not found
Refreshing native plugins compatible for Editor in 0.46 ms, found 1 plugins.
Preloading 0 native plugins for Editor in 0.00 ms.
Mono: successfully reloaded assembly
- Completed reload, in  1.216 seconds
Platform modules already initialized, skipping
Refreshing native plugins compatible for Editor in 0.66 ms, found 1 plugins.
Preloading 0 native plugins for Editor in 0.00 ms.
Unloading 1809 Unused Serialized files (Serialized files now loaded: 0)
System memory in use before: 85.9 MB.
System memory in use after: 85.9 MB.

Unloading 12 unused Assets to reduce memory usage. Loaded Objects now: 2262.
Total: 3.737700 ms (FindLiveObjects: 0.334300 ms CreateObjectMapping: 0.156900 ms MarkObjects: 3.090000 ms  DeleteObjects: 0.154400 ms)

========================================================================
Received Prepare
Registering precompiled user dll's ...
Registered in 0.001288 seconds.
Begin MonoManager ReloadAssembly
Native extension for WindowsStandalone target not found
Refreshing native plugins compatible for Editor in 0.42 ms, found 1 plugins.
Preloading 0 native plugins for Editor in 0.00 ms.
Mono: successfully reloaded assembly
- Completed reload, in  1.184 seconds
Platform modules already initialized, skipping
Refreshing native plugins compatible for Editor in 0.71 ms, found 1 plugins.
Preloading 0 native plugins for Editor in 0.00 ms.
Unloading 1809 Unused Serialized files (Serialized files now loaded: 0)
System memory in use before: 85.9 MB.
System memory in use after: 85.9 MB.

Unloading 12 unused Assets to reduce memory usage. Loaded Objects now: 2266.
Total: 4.015600 ms (FindLiveObjects: 0.403100 ms CreateObjectMapping: 0.171800 ms MarkObjects: 3.275300 ms  DeleteObjects: 0.163300 ms)

========================================================================
Received Import Request.
  Time since last request: 41.224001 seconds.
  path: Assets/Scripts/Rifleman.cs
  artifactKey: Guid(f0c556b8ea659674d8da454934b7515b) Importer(815301076,1909f56bfc062723c751e8b465ee728b)
Start importing Assets/Scripts/Rifleman.cs using Guid(f0c556b8ea659674d8da454934b7515b) Importer(815301076,1909f56bfc062723c751e8b465ee728b)  -> (artifact id: 'f293a8dc69224d9187bbc04460470e34') in 0.009990 seconds
  Import took 0.015114 seconds .

========================================================================
Received Prepare
Registering precompiled user dll's ...
Registered in 0.007240 seconds.
Begin MonoManager ReloadAssembly
Native extension for WindowsStandalone target not found
Refreshing native plugins compatible for Editor in 0.98 ms, found 1 plugins.
Preloading 0 native plugins for Editor in 0.00 ms.
Mono: successfully reloaded assembly
- Completed reload, in  2.462 seconds
Platform modules already initialized, skipping
Refreshing native plugins compatible for Editor in 0.83 ms, found 1 plugins.
Preloading 0 native plugins for Editor in 0.00 ms.
Unloading 1809 Unused Serialized files (Serialized files now loaded: 0)
System memory in use before: 86.0 MB.
System memory in use after: 85.9 MB.

Unloading 12 unused Assets to reduce memory usage. Loaded Objects now: 2270.
Total: 4.740000 ms (FindLiveObjects: 0.480400 ms CreateObjectMapping: 0.319400 ms MarkObjects: 3.598800 ms  DeleteObjects: 0.329700 ms)

========================================================================
Received Import Request.
  Time since last request: 10887.199663 seconds.
  path: Assets/Gothicvania Cemetery Artwork/Sprites/skeleton/skeleton-2.png
  artifactKey: Guid(669f93acf538644e4b4006f1254584bf) Importer(815301076,1909f56bfc062723c751e8b465ee728b)
Start importing Assets/Gothicvania Cemetery Artwork/Sprites/skeleton/skeleton-2.png using Guid(669f93acf538644e4b4006f1254584bf) Importer(815301076,1909f56bfc062723c751e8b465ee728b)  -> (artifact id: 'e26e4d05247f27b9cebaf0a0bd298606') in 1.257774 seconds
  Import took 1.267795 seconds .

========================================================================
Received Import Request.
  Time since last request: 0.052512 seconds.
  path: Assets/Gothicvania Cemetery Artwork/Sprites/skeleton/skeleton-1.png
  artifactKey: Guid(3d7ea891e5aa9415e9bf6d2e52d3d0d7) Importer(815301076,1909f56bfc062723c751e8b465ee728b)
Start importing Assets/Gothicvania Cemetery Artwork/Sprites/skeleton/skeleton-1.png using Guid(3d7ea891e5aa9415e9bf6d2e52d3d0d7) Importer(815301076,1909f56bfc062723c751e8b465ee728b)  -> (artifact id: 'cd1ebe20bf232a006fc00266253e9220') in 0.050121 seconds
  Import took 0.063932 seconds .

========================================================================
Received Import Request.
  Time since last request: 0.000314 seconds.
  path: Assets/Gothicvania Cemetery Artwork/Sprites/skeleton/skeleton-4.png
  artifactKey: Guid(f6ae5c6eb3851473aae131afd6eefb86) Importer(815301076,1909f56bfc062723c751e8b465ee728b)
Start importing Assets/Gothicvania Cemetery Artwork/Sprites/skeleton/skeleton-4.png using Guid(f6ae5c6eb3851473aae131afd6eefb86) Importer(815301076,1909f56bfc062723c751e8b465ee728b)  -> (artifact id: '92e7fce1b9c76966fd9fd5fbe6f31dbc') in 0.065772 seconds
  Import took 0.074151 seconds .

========================================================================
Received Import Request.
  Time since last request: 0.000316 seconds.
  path: Assets/Gothicvania-Town/Art/Environment/sliced-tileset/shadow.png
  artifactKey: Guid(e64e8af2f0a054a88845c5718b33b3a2) Importer(815301076,1909f56bfc062723c751e8b465ee728b)
Start importing Assets/Gothicvania-Town/Art/Environment/sliced-tileset/shadow.png using Guid(e64e8af2f0a054a88845c5718b33b3a2) Importer(815301076,1909f56bfc062723c751e8b465ee728b)  -> (artifact id: 'f20340b0c3910aab09781ed317fb05cc') in 0.063085 seconds
  Import took 0.071207 seconds .

========================================================================
Received Import Request.
  Time since last request: 0.000370 seconds.
  path: Assets/Gothicvania-Town/Art/Environment/props-sliced/sign.png
  artifactKey: Guid(799dd867b58aa4efd917360b1747174a) Importer(815301076,1909f56bfc062723c751e8b465ee728b)
Start importing Assets/Gothicvania-Town/Art/Environment/props-sliced/sign.png using Guid(799dd867b58aa4efd917360b1747174a) Importer(815301076,1909f56bfc062723c751e8b465ee728b)  -> (artifact id: '41237e098d116fcac400140305794b3d') in 0.057212 seconds
  Import took 0.066139 seconds .

========================================================================
Received Import Request.
  Time since last request: 0.000387 seconds.
  path: Assets/Gothicvania Cemetery Artwork/Sprites/skeleton/skeleton-5.png
  artifactKey: Guid(2d54e9cca4323409ca3a67d12ae4bd25) Importer(815301076,1909f56bfc062723c751e8b465ee728b)
Start importing Assets/Gothicvania Cemetery Artwork/Sprites/skeleton/skeleton-5.png using Guid(2d54e9cca4323409ca3a67d12ae4bd25) Importer(815301076,1909f56bfc062723c751e8b465ee728b)  -> (artifact id: 'fe12d234779634abc6002cedc7f1852c') in 0.079682 seconds
  Import took 0.089054 seconds .

========================================================================
Received Import Request.
  Time since last request: 0.000310 seconds.
  path: Assets/Gothicvania Cemetery Artwork/Sprites/skeleton/skeleton-3.png
  artifactKey: Guid(8c88c4f4340b14d1bb3506e2d2dc27cd) Importer(815301076,1909f56bfc062723c751e8b465ee728b)
Start importing Assets/Gothicvania Cemetery Artwork/Sprites/skeleton/skeleton-3.png using Guid(8c88c4f4340b14d1bb3506e2d2dc27cd) Importer(815301076,1909f56bfc062723c751e8b465ee728b)  -> (artifact id: '05f725a406168d1fa89e3cb24855672f') in 0.073403 seconds
  Import took 0.083569 seconds .

========================================================================
Received Import Request.
  Time since last request: 2.077493 seconds.
  path: Assets/GothicVania Church/Sprites/Misc/Enemy-Death/Enemy-Death-1.png
  artifactKey: Guid(f81c1c89a83ed49ba9dc43e5434a3531) Importer(815301076,1909f56bfc062723c751e8b465ee728b)
Start importing Assets/GothicVania Church/Sprites/Misc/Enemy-Death/Enemy-Death-1.png using Guid(f81c1c89a83ed49ba9dc43e5434a3531) Importer(815301076,1909f56bfc062723c751e8b465ee728b)  -> (artifact id: 'dabb7986f59c9fc2d84474b8d4f9fe69') in 0.040409 seconds
  Import took 0.046614 seconds .

========================================================================
Received Prepare
Registering precompiled user dll's ...
Registered in 0.001305 seconds.
Begin MonoManager ReloadAssembly
Native extension for WindowsStandalone target not found
Refreshing native plugins compatible for Editor in 1.31 ms, found 1 plugins.
Preloading 0 native plugins for Editor in 0.00 ms.
Mono: successfully reloaded assembly
- Completed reload, in  1.678 seconds
Platform modules already initialized, skipping
Refreshing native plugins compatible for Editor in 1.11 ms, found 1 plugins.
Preloading 0 native plugins for Editor in 0.00 ms.
Unloading 1809 Unused Serialized files (Serialized files now loaded: 0)
System memory in use before: 89.1 MB.
System memory in use after: 89.0 MB.

Unloading 12 unused Assets to reduce memory usage. Loaded Objects now: 2286.
Total: 4.036800 ms (FindLiveObjects: 0.432200 ms CreateObjectMapping: 0.165300 ms MarkObjects: 3.275600 ms  DeleteObjects: 0.161700 ms)

========================================================================
Received Prepare
Registering precompiled user dll's ...
Registered in 0.001320 seconds.
Begin MonoManager ReloadAssembly
Native extension for WindowsStandalone target not found
Refreshing native plugins compatible for Editor in 0.75 ms, found 1 plugins.
Preloading 0 native plugins for Editor in 0.00 ms.
Mono: successfully reloaded assembly
- Completed reload, in  1.882 seconds
Platform modules already initialized, skipping
Refreshing native plugins compatible for Editor in 0.73 ms, found 1 plugins.
Preloading 0 native plugins for Editor in 0.00 ms.
Unloading 1809 Unused Serialized files (Serialized files now loaded: 0)
System memory in use before: 89.1 MB.
System memory in use after: 89.1 MB.

Unloading 12 unused Assets to reduce memory usage. Loaded Objects now: 2290.
Total: 3.778100 ms (FindLiveObjects: 0.352900 ms CreateObjectMapping: 0.127400 ms MarkObjects: 3.120600 ms  DeleteObjects: 0.174800 ms)

========================================================================
Received Import Request.
  Time since last request: 1739.896331 seconds.
  path: Assets/Animations/Rifleman/RiflemanAttack.anim
  artifactKey: Guid(aed00c544f5d97649ab86d8a2a69ebe2) Importer(815301076,1909f56bfc062723c751e8b465ee728b)
Start importing Assets/Animations/Rifleman/RiflemanAttack.anim using Guid(aed00c544f5d97649ab86d8a2a69ebe2) Importer(815301076,1909f56bfc062723c751e8b465ee728b)  -> (artifact id: '4c288557f987d21b91c3f95a9962190d') in 0.181384 seconds
  Import took 0.232190 seconds .

========================================================================
Received Prepare
Registering precompiled user dll's ...
Registered in 0.001981 seconds.
Begin MonoManager ReloadAssembly
Native extension for WindowsStandalone target not found
Refreshing native plugins compatible for Editor in 0.69 ms, found 1 plugins.
Preloading 0 native plugins for Editor in 0.00 ms.
Mono: successfully reloaded assembly
- Completed reload, in  1.542 seconds
Platform modules already initialized, skipping
Refreshing native plugins compatible for Editor in 0.85 ms, found 1 plugins.
Preloading 0 native plugins for Editor in 0.00 ms.
Unloading 1809 Unused Serialized files (Serialized files now loaded: 0)
System memory in use before: 89.1 MB.
System memory in use after: 89.1 MB.

Unloading 12 unused Assets to reduce memory usage. Loaded Objects now: 2294.
Total: 4.369000 ms (FindLiveObjects: 0.351900 ms CreateObjectMapping: 0.188900 ms MarkObjects: 3.620200 ms  DeleteObjects: 0.204000 ms)

========================================================================
Received Prepare
Registering precompiled user dll's ...
Registered in 0.002046 seconds.
Begin MonoManager ReloadAssembly
Native extension for WindowsStandalone target not found
Refreshing native plugins compatible for Editor in 0.70 ms, found 1 plugins.
Preloading 0 native plugins for Editor in 0.00 ms.
Mono: successfully reloaded assembly
- Completed reload, in  2.554 seconds
Platform modules already initialized, skipping
Refreshing native plugins compatible for Editor in 0.82 ms, found 1 plugins.
Preloading 0 native plugins for Editor in 0.00 ms.
Unloading 1810 Unused Serialized files (Serialized files now loaded: 0)
System memory in use before: 89.1 MB.
System memory in use after: 89.1 MB.

Unloading 12 unused Assets to reduce memory usage. Loaded Objects now: 2299.
Total: 5.526200 ms (FindLiveObjects: 0.573100 ms CreateObjectMapping: 0.896600 ms MarkObjects: 3.843300 ms  DeleteObjects: 0.210200 ms)

========================================================================
Received Prepare
Registering precompiled user dll's ...
Registered in 0.002327 seconds.
Begin MonoManager ReloadAssembly
Native extension for WindowsStandalone target not found
Refreshing native plugins compatible for Editor in 0.48 ms, found 1 plugins.
Preloading 0 native plugins for Editor in 0.00 ms.
Mono: successfully reloaded assembly
- Completed reload, in  2.216 seconds
Platform modules already initialized, skipping
Refreshing native plugins compatible for Editor in 1.01 ms, found 1 plugins.
Preloading 0 native plugins for Editor in 0.00 ms.
Unloading 1810 Unused Serialized files (Serialized files now loaded: 0)
System memory in use before: 89.1 MB.
System memory in use after: 89.1 MB.

Unloading 12 unused Assets to reduce memory usage. Loaded Objects now: 2303.
Total: 5.012400 ms (FindLiveObjects: 0.532500 ms CreateObjectMapping: 0.284600 ms MarkObjects: 3.980100 ms  DeleteObjects: 0.212500 ms)

========================================================================
Received Import Request.
  Time since last request: 47.446362 seconds.
  path: Assets/Scripts/RiflemanBullet.cs
  artifactKey: Guid(b9e767bf91730ea459b4be5d6a16ab9b) Importer(815301076,1909f56bfc062723c751e8b465ee728b)
Start importing Assets/Scripts/RiflemanBullet.cs using Guid(b9e767bf91730ea459b4be5d6a16ab9b) Importer(815301076,1909f56bfc062723c751e8b465ee728b)  -> (artifact id: '580aec70b8adb59606302c8dac461289') in 0.026104 seconds
  Import took 0.036318 seconds .

========================================================================
Received Prepare
Registering precompiled user dll's ...
Registered in 0.001267 seconds.
Begin MonoManager ReloadAssembly
Native extension for WindowsStandalone target not found
Refreshing native plugins compatible for Editor in 1.47 ms, found 1 plugins.
Preloading 0 native plugins for Editor in 0.00 ms.
Mono: successfully reloaded assembly
- Completed reload, in  1.485 seconds
Platform modules already initialized, skipping
Refreshing native plugins compatible for Editor in 0.89 ms, found 1 plugins.
Preloading 0 native plugins for Editor in 0.00 ms.
Unloading 1810 Unused Serialized files (Serialized files now loaded: 0)
System memory in use before: 89.1 MB.
System memory in use after: 89.1 MB.

Unloading 12 unused Assets to reduce memory usage. Loaded Objects now: 2307.
Total: 4.233600 ms (FindLiveObjects: 0.376800 ms CreateObjectMapping: 0.165000 ms MarkObjects: 3.419500 ms  DeleteObjects: 0.268800 ms)

========================================================================
Received Import Request.
  Time since last request: 84.452714 seconds.
  path: Assets/Scripts/RiflemanBullet.cs
  artifactKey: Guid(b9e767bf91730ea459b4be5d6a16ab9b) Importer(815301076,1909f56bfc062723c751e8b465ee728b)
Start importing Assets/Scripts/RiflemanBullet.cs using Guid(b9e767bf91730ea459b4be5d6a16ab9b) Importer(815301076,1909f56bfc062723c751e8b465ee728b)  -> (artifact id: 'b5a0c2f94588d5d9a03b9f217cb0a6a5') in 0.010585 seconds
  Import took 0.018851 seconds .

========================================================================
Received Prepare
Registering precompiled user dll's ...
Registered in 0.001973 seconds.
Begin MonoManager ReloadAssembly
Native extension for WindowsStandalone target not found
Refreshing native plugins compatible for Editor in 0.68 ms, found 1 plugins.
Preloading 0 native plugins for Editor in 0.00 ms.
Mono: successfully reloaded assembly
- Completed reload, in  1.652 seconds
Platform modules already initialized, skipping
Refreshing native plugins compatible for Editor in 0.74 ms, found 1 plugins.
Preloading 0 native plugins for Editor in 0.00 ms.
Unloading 1810 Unused Serialized files (Serialized files now loaded: 0)
System memory in use before: 89.1 MB.
System memory in use after: 89.1 MB.

Unloading 12 unused Assets to reduce memory usage. Loaded Objects now: 2311.
Total: 3.951300 ms (FindLiveObjects: 0.391400 ms CreateObjectMapping: 0.177500 ms MarkObjects: 3.168600 ms  DeleteObjects: 0.211000 ms)

========================================================================
Received Import Request.
  Time since last request: 470.550062 seconds.
  path: Assets/Prefabs/Bullet.prefab
  artifactKey: Guid(fc5abbefa57c40c4c8f7c9e611fc835a) Importer(815301076,1909f56bfc062723c751e8b465ee728b)
Start importing Assets/Prefabs/Bullet.prefab using Guid(fc5abbefa57c40c4c8f7c9e611fc835a) Importer(815301076,1909f56bfc062723c751e8b465ee728b)  -> (artifact id: 'c0917e13ab8eae8ad41885caf3761775') in 0.120131 seconds
  Import took 0.128106 seconds .

========================================================================
Received Import Request.
  Time since last request: 0.004125 seconds.
  path: Assets/Prefabs/Bullet.prefab
  artifactKey: Guid(fc5abbefa57c40c4c8f7c9e611fc835a) Importer(815301076,1909f56bfc062723c751e8b465ee728b)
Start importing Assets/Prefabs/Bullet.prefab using Guid(fc5abbefa57c40c4c8f7c9e611fc835a) Importer(815301076,1909f56bfc062723c751e8b465ee728b)  -> (artifact id: 'c0917e13ab8eae8ad41885caf3761775') in 0.031071 seconds
  Import took 0.040282 seconds .

========================================================================
Received Prepare
Registering precompiled user dll's ...
Registered in 0.001496 seconds.
Begin MonoManager ReloadAssembly
Native extension for WindowsStandalone target not found
Refreshing native plugins compatible for Editor in 0.44 ms, found 1 plugins.
Preloading 0 native plugins for Editor in 0.00 ms.
Mono: successfully reloaded assembly
- Completed reload, in  1.939 seconds
Platform modules already initialized, skipping
Refreshing native plugins compatible for Editor in 0.66 ms, found 1 plugins.
Preloading 0 native plugins for Editor in 0.00 ms.
Unloading 1810 Unused Serialized files (Serialized files now loaded: 0)
System memory in use before: 89.2 MB.
System memory in use after: 89.2 MB.

Unloading 12 unused Assets to reduce memory usage. Loaded Objects now: 2320.
Total: 4.016700 ms (FindLiveObjects: 0.381900 ms CreateObjectMapping: 0.148800 ms MarkObjects: 3.290800 ms  DeleteObjects: 0.192800 ms)

========================================================================
Received Prepare
Registering precompiled user dll's ...
Registered in 0.002397 seconds.
Begin MonoManager ReloadAssembly
Native extension for WindowsStandalone target not found
Refreshing native plugins compatible for Editor in 0.78 ms, found 1 plugins.
Preloading 0 native plugins for Editor in 0.00 ms.
Mono: successfully reloaded assembly
- Completed reload, in  1.814 seconds
Platform modules already initialized, skipping
Refreshing native plugins compatible for Editor in 0.76 ms, found 1 plugins.
Preloading 0 native plugins for Editor in 0.00 ms.
Unloading 1810 Unused Serialized files (Serialized files now loaded: 0)
System memory in use before: 89.2 MB.
System memory in use after: 89.2 MB.

Unloading 12 unused Assets to reduce memory usage. Loaded Objects now: 2324.
Total: 4.186500 ms (FindLiveObjects: 0.424500 ms CreateObjectMapping: 0.168800 ms MarkObjects: 3.331200 ms  DeleteObjects: 0.259300 ms)

========================================================================
Received Prepare
Registering precompiled user dll's ...
Registered in 0.001344 seconds.
Begin MonoManager ReloadAssembly
Native extension for WindowsStandalone target not found
Refreshing native plugins compatible for Editor in 0.50 ms, found 1 plugins.
Preloading 0 native plugins for Editor in 0.00 ms.
Mono: successfully reloaded assembly
- Completed reload, in  1.552 seconds
Platform modules already initialized, skipping
Refreshing native plugins compatible for Editor in 0.84 ms, found 1 plugins.
Preloading 0 native plugins for Editor in 0.00 ms.
Unloading 1810 Unused Serialized files (Serialized files now loaded: 0)
System memory in use before: 89.2 MB.
System memory in use after: 89.2 MB.

Unloading 12 unused Assets to reduce memory usage. Loaded Objects now: 2328.
Total: 3.803200 ms (FindLiveObjects: 0.380200 ms CreateObjectMapping: 0.168600 ms MarkObjects: 3.084800 ms  DeleteObjects: 0.166800 ms)

========================================================================
Received Prepare
Registering precompiled user dll's ...
Registered in 0.001354 seconds.
Begin MonoManager ReloadAssembly
Native extension for WindowsStandalone target not found
Refreshing native plugins compatible for Editor in 0.47 ms, found 1 plugins.
Preloading 0 native plugins for Editor in 0.00 ms.
Mono: successfully reloaded assembly
- Completed reload, in  1.602 seconds
Platform modules already initialized, skipping
Refreshing native plugins compatible for Editor in 0.77 ms, found 1 plugins.
Preloading 0 native plugins for Editor in 0.00 ms.
Unloading 1810 Unused Serialized files (Serialized files now loaded: 0)
System memory in use before: 89.2 MB.
System memory in use after: 89.2 MB.

Unloading 12 unused Assets to reduce memory usage. Loaded Objects now: 2332.
Total: 4.126100 ms (FindLiveObjects: 0.417000 ms CreateObjectMapping: 0.169000 ms MarkObjects: 3.350500 ms  DeleteObjects: 0.187100 ms)

========================================================================
Received Prepare
Registering precompiled user dll's ...
Registered in 0.001275 seconds.
Begin MonoManager ReloadAssembly
Native extension for WindowsStandalone target not found
Refreshing native plugins compatible for Editor in 0.86 ms, found 1 plugins.
Preloading 0 native plugins for Editor in 0.00 ms.
Mono: successfully reloaded assembly
- Completed reload, in  1.411 seconds
Platform modules already initialized, skipping
Refreshing native plugins compatible for Editor in 0.74 ms, found 1 plugins.
Preloading 0 native plugins for Editor in 0.00 ms.
Unloading 1810 Unused Serialized files (Serialized files now loaded: 0)
System memory in use before: 89.2 MB.
System memory in use after: 89.2 MB.

Unloading 12 unused Assets to reduce memory usage. Loaded Objects now: 2336.
Total: 4.643700 ms (FindLiveObjects: 0.752000 ms CreateObjectMapping: 0.235800 ms MarkObjects: 3.430900 ms  DeleteObjects: 0.222000 ms)

========================================================================
Received Prepare
Registering precompiled user dll's ...
Registered in 0.001551 seconds.
Begin MonoManager ReloadAssembly
Native extension for WindowsStandalone target not found
Refreshing native plugins compatible for Editor in 0.42 ms, found 1 plugins.
Preloading 0 native plugins for Editor in 0.00 ms.
Mono: successfully reloaded assembly
- Completed reload, in  1.489 seconds
Platform modules already initialized, skipping
Refreshing native plugins compatible for Editor in 1.00 ms, found 1 plugins.
Preloading 0 native plugins for Editor in 0.00 ms.
Unloading 1810 Unused Serialized files (Serialized files now loaded: 0)
System memory in use before: 89.2 MB.
System memory in use after: 89.2 MB.

Unloading 12 unused Assets to reduce memory usage. Loaded Objects now: 2340.
Total: 4.234500 ms (FindLiveObjects: 0.571500 ms CreateObjectMapping: 0.162100 ms MarkObjects: 3.207700 ms  DeleteObjects: 0.290300 ms)

========================================================================
Received Import Request.
  Time since last request: 4678.468683 seconds.
  path: Assets/Animations/Rifleman/RiflemanAttack.anim
  artifactKey: Guid(aed00c544f5d97649ab86d8a2a69ebe2) Importer(815301076,1909f56bfc062723c751e8b465ee728b)
Start importing Assets/Animations/Rifleman/RiflemanAttack.anim using Guid(aed00c544f5d97649ab86d8a2a69ebe2) Importer(815301076,1909f56bfc062723c751e8b465ee728b)  -> (artifact id: 'aa9f9c3a7baa1bdfa524ad3bac2b9451') in 0.017347 seconds
  Import took 0.024026 seconds .

========================================================================
Received Import Request.
  Time since last request: 0.008130 seconds.
  path: Assets/Animations/Rifleman/RiflemanAttack.anim
  artifactKey: Guid(aed00c544f5d97649ab86d8a2a69ebe2) Importer(815301076,1909f56bfc062723c751e8b465ee728b)
Start importing Assets/Animations/Rifleman/RiflemanAttack.anim using Guid(aed00c544f5d97649ab86d8a2a69ebe2) Importer(815301076,1909f56bfc062723c751e8b465ee728b)  -> (artifact id: 'aa9f9c3a7baa1bdfa524ad3bac2b9451') in 0.007030 seconds
  Import took 0.011482 seconds .

========================================================================
Received Prepare
Registering precompiled user dll's ...
Registered in 0.002063 seconds.
Begin MonoManager ReloadAssembly
Native extension for WindowsStandalone target not found
Refreshing native plugins compatible for Editor in 0.78 ms, found 1 plugins.
Preloading 0 native plugins for Editor in 0.00 ms.
Mono: successfully reloaded assembly
- Completed reload, in  1.903 seconds
Platform modules already initialized, skipping
Refreshing native plugins compatible for Editor in 0.70 ms, found 1 plugins.
Preloading 0 native plugins for Editor in 0.00 ms.
Unloading 1810 Unused Serialized files (Serialized files now loaded: 0)
System memory in use before: 89.2 MB.
System memory in use after: 89.2 MB.

Unloading 12 unused Assets to reduce memory usage. Loaded Objects now: 2344.
Total: 5.022000 ms (FindLiveObjects: 0.359800 ms CreateObjectMapping: 0.155700 ms MarkObjects: 4.297500 ms  DeleteObjects: 0.206200 ms)

