Using pre-set license
Built from '2020.3/release' branch; Version is '2020.3.7f1 (dd97f2c94397) revision 14522354'; Using compiler version '192528614'; Build Type 'Release'
OS: 'Windows 10 Home; OS build 19043.1348; Version 2009; 64bit' Language: 'en' Physical Memory: 8007 MB
BatchMode: 1, IsHumanControllingUs: 0, StartBugReporterOnCrash: 0, Is64bit: 1, IsPro: 0

 COMMAND LINE ARGUMENTS:
C:\Program Files\Unity\Hub\Editor\2020.3.7f1\Editor\Unity.exe
-adb2
-batchMode
-noUpm
-name
AssetImportWorker2
-projectPath
C:/Users/Gary/Documents/GitHub/Programming-Theory-Repo/ProgrammingTheoryProject
-logFile
Logs/AssetImportWorker2.log
-srvPort
63806
Successfully changed project path to: C:/Users/Gary/Documents/GitHub/Programming-Theory-Repo/ProgrammingTheoryProject
C:/Users/Gary/Documents/GitHub/Programming-Theory-Repo/ProgrammingTheoryProject
Using Asset Import Pipeline V2.
Refreshing native plugins compatible for Editor in 168.37 ms, found 1 plugins.
Preloading 0 native plugins for Editor in 0.00 ms.
Initialize engine version: 2020.3.7f1 (dd97f2c94397)
[Subsystems] Discovering subsystems at path C:/Program Files/Unity/Hub/Editor/2020.3.7f1/Editor/Data/Resources/UnitySubsystems
[Subsystems] Discovering subsystems at path C:/Users/Gary/Documents/GitHub/Programming-Theory-Repo/ProgrammingTheoryProject/Assets
GfxDevice: creating device client; threaded=0
Direct3D:
    Version:  Direct3D 11.0 [level 11.1]
    Renderer: Intel(R) HD Graphics 620 (ID=0x5916)
    Vendor:   
    VRAM:     4003 MB
    Driver:   22.20.16.4836
Initialize mono
Mono path[0] = 'C:/Program Files/Unity/Hub/Editor/2020.3.7f1/Editor/Data/Managed'
Mono path[1] = 'C:/Program Files/Unity/Hub/Editor/2020.3.7f1/Editor/Data/MonoBleedingEdge/lib/mono/unityjit'
Mono config path = 'C:/Program Files/Unity/Hub/Editor/2020.3.7f1/Editor/Data/MonoBleedingEdge/etc'
Using monoOptions --debugger-agent=transport=dt_socket,embedding=1,server=y,suspend=n,address=127.0.0.1:56356
Begin MonoManager ReloadAssembly
Registering precompiled unity dll's ...
Register platform support module: C:/Program Files/Unity/Hub/Editor/2020.3.7f1/Editor/Data/PlaybackEngines/WindowsStandaloneSupport/UnityEditor.WindowsStandalone.Extensions.dll
Registered in 0.004131 seconds.
Native extension for WindowsStandalone target not found
Refreshing native plugins compatible for Editor in 107.83 ms, found 1 plugins.
Preloading 0 native plugins for Editor in 0.00 ms.
Mono: successfully reloaded assembly
- Completed reload, in  2.551 seconds
Platform modules already initialized, skipping
Registering precompiled user dll's ...
Registered in 0.002318 seconds.
Begin MonoManager ReloadAssembly
Native extension for WindowsStandalone target not found
Refreshing native plugins compatible for Editor in 75.53 ms, found 1 plugins.
Preloading 0 native plugins for Editor in 0.00 ms.
Mono: successfully reloaded assembly
- Completed reload, in  3.338 seconds
Platform modules already initialized, skipping
========================================================================
Worker process is ready to serve import requests
Launched and connected shader compiler UnityShaderCompiler.exe after 0.51 seconds
Refreshing native plugins compatible for Editor in 0.74 ms, found 1 plugins.
Preloading 0 native plugins for Editor in 0.00 ms.
Unloading 1829 Unused Serialized files (Serialized files now loaded: 0)
System memory in use before: 86.3 MB.
System memory in use after: 86.3 MB.

Unloading 24 unused Assets to reduce memory usage. Loaded Objects now: 2273.
Total: 32.485000 ms (FindLiveObjects: 0.370500 ms CreateObjectMapping: 0.173700 ms MarkObjects: 10.405800 ms  DeleteObjects: 21.531900 ms)

========================================================================
Received Prepare
Registering precompiled user dll's ...
Registered in 0.003700 seconds.
Begin MonoManager ReloadAssembly
Native extension for WindowsStandalone target not found
Refreshing native plugins compatible for Editor in 0.49 ms, found 1 plugins.
Preloading 0 native plugins for Editor in 0.00 ms.
Mono: successfully reloaded assembly
- Completed reload, in  1.443 seconds
Platform modules already initialized, skipping
Refreshing native plugins compatible for Editor in 0.82 ms, found 1 plugins.
Preloading 0 native plugins for Editor in 0.00 ms.
Unloading 1824 Unused Serialized files (Serialized files now loaded: 0)
System memory in use before: 86.3 MB.
System memory in use after: 86.3 MB.

Unloading 12 unused Assets to reduce memory usage. Loaded Objects now: 2277.
Total: 4.257800 ms (FindLiveObjects: 0.382200 ms CreateObjectMapping: 0.145400 ms MarkObjects: 3.546300 ms  DeleteObjects: 0.181600 ms)

========================================================================
Received Import Request.
  path: Assets/Scripts/Player Characters/Player.cs
  artifactKey: Guid(6520e75db7cdadc489b3d285c7f2ebaa) Importer(815301076,1909f56bfc062723c751e8b465ee728b)
Start importing Assets/Scripts/Player Characters/Player.cs using Guid(6520e75db7cdadc489b3d285c7f2ebaa) Importer(815301076,1909f56bfc062723c751e8b465ee728b)  -> (artifact id: '10769c12c7ec3159cb5ff7c168eb34b5') in 0.081335 seconds
  Import took 0.090601 seconds .

========================================================================
Received Prepare
Registering precompiled user dll's ...
Registered in 0.001513 seconds.
Begin MonoManager ReloadAssembly
Native extension for WindowsStandalone target not found
Refreshing native plugins compatible for Editor in 0.50 ms, found 1 plugins.
Preloading 0 native plugins for Editor in 0.00 ms.
Mono: successfully reloaded assembly
- Completed reload, in  1.373 seconds
Platform modules already initialized, skipping
Refreshing native plugins compatible for Editor in 0.87 ms, found 1 plugins.
Preloading 0 native plugins for Editor in 0.00 ms.
Unloading 1824 Unused Serialized files (Serialized files now loaded: 0)
System memory in use before: 86.3 MB.
System memory in use after: 86.3 MB.

Unloading 12 unused Assets to reduce memory usage. Loaded Objects now: 2281.
Total: 4.213000 ms (FindLiveObjects: 0.410500 ms CreateObjectMapping: 0.170400 ms MarkObjects: 3.450600 ms  DeleteObjects: 0.179400 ms)

========================================================================
Received Import Request.
  Time since last request: 120.757317 seconds.
  path: Assets/Scripts/Player Characters/Player.cs
  artifactKey: Guid(6520e75db7cdadc489b3d285c7f2ebaa) Importer(815301076,1909f56bfc062723c751e8b465ee728b)
Start importing Assets/Scripts/Player Characters/Player.cs using Guid(6520e75db7cdadc489b3d285c7f2ebaa) Importer(815301076,1909f56bfc062723c751e8b465ee728b)  -> (artifact id: '0026d5d7da30238258a604f74dcd7f6d') in 0.012805 seconds
  Import took 0.020536 seconds .

========================================================================
Received Prepare
Registering precompiled user dll's ...
Registered in 0.001445 seconds.
Begin MonoManager ReloadAssembly
Native extension for WindowsStandalone target not found
Refreshing native plugins compatible for Editor in 0.48 ms, found 1 plugins.
Preloading 0 native plugins for Editor in 0.00 ms.
Mono: successfully reloaded assembly
- Completed reload, in  1.422 seconds
Platform modules already initialized, skipping
Refreshing native plugins compatible for Editor in 0.82 ms, found 1 plugins.
Preloading 0 native plugins for Editor in 0.00 ms.
Unloading 1824 Unused Serialized files (Serialized files now loaded: 0)
System memory in use before: 86.3 MB.
System memory in use after: 86.3 MB.

Unloading 12 unused Assets to reduce memory usage. Loaded Objects now: 2285.
Total: 4.679800 ms (FindLiveObjects: 0.335500 ms CreateObjectMapping: 0.150600 ms MarkObjects: 4.005100 ms  DeleteObjects: 0.186500 ms)

========================================================================
Received Import Request.
  Time since last request: 38.000145 seconds.
  path: Assets/Scripts/Player Characters/Player.cs
  artifactKey: Guid(6520e75db7cdadc489b3d285c7f2ebaa) Importer(815301076,1909f56bfc062723c751e8b465ee728b)
Start importing Assets/Scripts/Player Characters/Player.cs using Guid(6520e75db7cdadc489b3d285c7f2ebaa) Importer(815301076,1909f56bfc062723c751e8b465ee728b)  -> (artifact id: 'c324943fe7b681ba6962d3a91ba41812') in 0.018007 seconds
  Import took 0.027157 seconds .

========================================================================
Received Prepare
Registering precompiled user dll's ...
Registered in 0.001870 seconds.
Begin MonoManager ReloadAssembly
Native extension for WindowsStandalone target not found
Refreshing native plugins compatible for Editor in 0.51 ms, found 1 plugins.
Preloading 0 native plugins for Editor in 0.00 ms.
Mono: successfully reloaded assembly
- Completed reload, in  1.610 seconds
Platform modules already initialized, skipping
Refreshing native plugins compatible for Editor in 0.84 ms, found 1 plugins.
Preloading 0 native plugins for Editor in 0.00 ms.
Unloading 1824 Unused Serialized files (Serialized files now loaded: 0)
System memory in use before: 86.3 MB.
System memory in use after: 86.3 MB.

Unloading 12 unused Assets to reduce memory usage. Loaded Objects now: 2289.
Total: 4.632700 ms (FindLiveObjects: 0.441400 ms CreateObjectMapping: 0.152200 ms MarkObjects: 3.839100 ms  DeleteObjects: 0.197100 ms)

========================================================================
Received Import Request.
  Time since last request: 89.015903 seconds.
  path: Assets/Scripts/Player Characters/Player.cs
  artifactKey: Guid(6520e75db7cdadc489b3d285c7f2ebaa) Importer(815301076,1909f56bfc062723c751e8b465ee728b)
Start importing Assets/Scripts/Player Characters/Player.cs using Guid(6520e75db7cdadc489b3d285c7f2ebaa) Importer(815301076,1909f56bfc062723c751e8b465ee728b)  -> (artifact id: 'a5d4a21b2d4de5835f35e5efffa29fd7') in 0.021369 seconds
  Import took 0.030083 seconds .

========================================================================
Received Import Request.
  Time since last request: 0.079030 seconds.
  path: Assets/Scripts/Player Characters/Player.cs
  artifactKey: Guid(6520e75db7cdadc489b3d285c7f2ebaa) Importer(815301076,1909f56bfc062723c751e8b465ee728b)
Start importing Assets/Scripts/Player Characters/Player.cs using Guid(6520e75db7cdadc489b3d285c7f2ebaa) Importer(815301076,1909f56bfc062723c751e8b465ee728b)  -> (artifact id: 'a5d4a21b2d4de5835f35e5efffa29fd7') in 0.032916 seconds
  Import took 0.041904 seconds .

========================================================================
Received Prepare
Registering precompiled user dll's ...
Registered in 0.004111 seconds.
Begin MonoManager ReloadAssembly
Native extension for WindowsStandalone target not found
Refreshing native plugins compatible for Editor in 0.47 ms, found 1 plugins.
Preloading 0 native plugins for Editor in 0.00 ms.
Mono: successfully reloaded assembly
- Completed reload, in  1.226 seconds
Platform modules already initialized, skipping
Refreshing native plugins compatible for Editor in 0.72 ms, found 1 plugins.
Preloading 0 native plugins for Editor in 0.00 ms.
Unloading 1824 Unused Serialized files (Serialized files now loaded: 0)
System memory in use before: 86.4 MB.
System memory in use after: 86.3 MB.

Unloading 12 unused Assets to reduce memory usage. Loaded Objects now: 2293.
Total: 3.980900 ms (FindLiveObjects: 0.383100 ms CreateObjectMapping: 0.134400 ms MarkObjects: 3.286900 ms  DeleteObjects: 0.173900 ms)

AssetImportWorkerClient::OnTransportError - code=2 error=End of file
